2019-09-06 18:55:34 [::1][-][r80qkoo8p84vo47r948auij8at][error][yii\base\InvalidArgumentException] yii\base\InvalidArgumentException: Hash is invalid. in D:\slada48_cms\vendor\yiisoft\yii2\base\Security.php:651
Stack trace:
#0 D:\slada48_cms\common\models\Admin.php(181): yii\base\Security->validatePassword('$2y$13$mwcqb4d7...', '')
#1 D:\slada48_cms\common\models\LoginForm.php(45): common\models\Admin->validatePassword('$2y$13$mwcqb4d7...')
#2 [internal function]: common\models\LoginForm->validatePassword('password', NULL, Object(yii\validators\InlineValidator))
#3 D:\slada48_cms\vendor\yiisoft\yii2\validators\InlineValidator.php(72): call_user_func(Array, 'password', NULL, Object(yii\validators\InlineValidator))
#4 D:\slada48_cms\vendor\yiisoft\yii2\validators\Validator.php(257): yii\validators\InlineValidator->validateAttribute(Object(common\models\LoginForm), 'password')
#5 D:\slada48_cms\vendor\yiisoft\yii2\base\Model.php(367): yii\validators\Validator->validateAttributes(Object(common\models\LoginForm), Array)
#6 D:\slada48_cms\common\models\LoginForm.php(58): yii\base\Model->validate()
#7 D:\slada48_cms\backend\controllers\SiteController.php(79): common\models\LoginForm->login()
#8 [internal function]: backend\controllers\SiteController->actionLogin()
#9 D:\slada48_cms\vendor\yiisoft\yii2\base\InlineAction.php(57): call_user_func_array(Array, Array)
#10 D:\slada48_cms\vendor\yiisoft\yii2\base\Controller.php(157): yii\base\InlineAction->runWithParams(Array)
#11 D:\slada48_cms\vendor\yiisoft\yii2\base\Module.php(528): yii\base\Controller->runAction('login', Array)
#12 D:\slada48_cms\vendor\yiisoft\yii2\web\Application.php(103): yii\base\Module->runAction('site/login', Array)
#13 D:\slada48_cms\vendor\yiisoft\yii2\base\Application.php(386): yii\web\Application->handleRequest(Object(yii\web\Request))
#14 D:\slada48_cms\backend\web\index.php(17): yii\base\Application->run()
#15 {main}
2019-09-06 18:55:34 [::1][-][r80qkoo8p84vo47r948auij8at][info][application] $_GET = []

$_POST = [
    '_csrf-backend' => 'KiEuQtUrgcDAxy94w7OlIM8wbORXd0zAy-R3hamyb_N_TAM1omfpgqqdaDyR9OIYhWMj0CVAPoSAsz30wucloA=='
    'LoginForm' => [
        'username' => 'admin'
        'password' => '$2y$13$mwcqb4d7Qjo8v2HrS9Jvoe9B0Qre45c0u4eEb6SUvheoQwd1CVKne'
        'rememberMe' => '1'
    ]
    'login-button' => ''
]

$_FILES = []

$_COOKIE = [
    'advanced-frontend' => 'q9q6sig0irhbh41sgujiqvhvu9'
    '_csrf-frontend' => '5440ee108df03b10d32a8bebd9fe0ef66715a41c43785901f1bc0bad539ec968a:2:{i:0;s:14:\"_csrf-frontend\";i:1;s:32:\"MeToAxLj3ZOaglCstRAJLRNNuf66Rm3c\";}'
    'advanced-backend' => 'r80qkoo8p84vo47r948auij8at'
    '_csrf-backend' => '02dbf3987bc3ef19747a31ef4b0294ac51c7720702341d034079307ff4cf7e67a:2:{i:0;s:13:\"_csrf-backend\";i:1;s:32:\"Um-wwLhBjZGDRGG8JSO4r7rDKWJqkUJS\";}'
]

$_SESSION = [
    '__flash' => []
    '__returnUrl' => 'http://slada48.loc:8080/admin'
]

$_SERVER = [
    'REDIRECT_STATUS' => '200'
    'HTTP_HOST' => 'slada48.loc:8080'
    'HTTP_CONNECTION' => 'keep-alive'
    'CONTENT_LENGTH' => '297'
    'HTTP_CACHE_CONTROL' => 'max-age=0'
    'HTTP_ORIGIN' => 'http://slada48.loc:8080'
    'HTTP_UPGRADE_INSECURE_REQUESTS' => '1'
    'CONTENT_TYPE' => 'application/x-www-form-urlencoded'
    'HTTP_USER_AGENT' => 'Mozilla/5.0 (Windows NT 10.0; Win64; x64) AppleWebKit/537.36 (KHTML, like Gecko) Chrome/76.0.3809.132 Safari/537.36'
    'HTTP_ACCEPT' => 'text/html,application/xhtml+xml,application/xml;q=0.9,image/webp,image/apng,*/*;q=0.8,application/signed-exchange;v=b3'
    'HTTP_REFERER' => 'http://slada48.loc:8080/admin/site/login'
    'HTTP_ACCEPT_ENCODING' => 'gzip, deflate'
    'HTTP_ACCEPT_LANGUAGE' => 'ru-RU,ru;q=0.9,en-US;q=0.8,en;q=0.7'
    'HTTP_COOKIE' => 'advanced-frontend=q9q6sig0irhbh41sgujiqvhvu9; _csrf-frontend=5440ee108df03b10d32a8bebd9fe0ef66715a41c43785901f1bc0bad539ec968a%3A2%3A%7Bi%3A0%3Bs%3A14%3A%22_csrf-frontend%22%3Bi%3A1%3Bs%3A32%3A%22MeToAxLj3ZOaglCstRAJLRNNuf66Rm3c%22%3B%7D; advanced-backend=r80qkoo8p84vo47r948auij8at; _csrf-backend=02dbf3987bc3ef19747a31ef4b0294ac51c7720702341d034079307ff4cf7e67a%3A2%3A%7Bi%3A0%3Bs%3A13%3A%22_csrf-backend%22%3Bi%3A1%3Bs%3A32%3A%22Um-wwLhBjZGDRGG8JSO4r7rDKWJqkUJS%22%3B%7D'
    'PATH' => 'C:\\wamp64\\bin\\php\\php7.2.18;C:\\Windows;C:\\Windows\\System32\\Wbem;C:\\Windows\\System32\\WindowsPowerShell\\v1.0\\;C:\\Windows\\System32\\OpenSSH\\;C:\\Program Files\\Git\\cmd;C:\\ProgramData\\ComposerSetup\\bin;C:\\Program Files\\dotnet\\;C:\\Program Files\\Microsoft SQL Server\\130\\Tools\\Binn\\;C:\\Program Files\\nodejs\\;C:\\HashiCorp\\Vagrant\\bin;C:\\Program Files (x86)\\Common Files\\Acronis\\SnapAPI\\;C:\\Users\\Home\\AppData\\Local\\Microsoft\\WindowsApps;C:\\Users\\Home\\.dotnet\\tools'
    'SystemRoot' => 'C:\\Windows'
    'COMSPEC' => 'C:\\Windows\\system32\\cmd.exe'
    'PATHEXT' => '.COM;.EXE;.BAT;.CMD;.VBS;.VBE;.JS;.JSE;.WSF;.WSH;.MSC'
    'WINDIR' => 'C:\\Windows'
    'SERVER_SIGNATURE' => '<address>Apache/2.4.39 (Win64) PHP/7.2.18 Server at slada48.loc Port 8080</address>
'
    'SERVER_SOFTWARE' => 'Apache/2.4.39 (Win64) PHP/7.2.18'
    'SERVER_NAME' => 'slada48.loc'
    'SERVER_ADDR' => '::1'
    'SERVER_PORT' => '8080'
    'REMOTE_ADDR' => '::1'
    'DOCUMENT_ROOT' => 'D:/slada48_cms'
    'REQUEST_SCHEME' => 'http'
    'CONTEXT_PREFIX' => ''
    'CONTEXT_DOCUMENT_ROOT' => 'D:/slada48_cms'
    'SERVER_ADMIN' => 'wampserver@wampserver.invalid'
    'SCRIPT_FILENAME' => 'D:/slada48_cms/backend/web/index.php'
    'REMOTE_PORT' => '50428'
    'REDIRECT_URL' => '/admin/site/login'
    'GATEWAY_INTERFACE' => 'CGI/1.1'
    'SERVER_PROTOCOL' => 'HTTP/1.1'
    'REQUEST_METHOD' => 'POST'
    'QUERY_STRING' => ''
    'REQUEST_URI' => '/admin/site/login'
    'SCRIPT_NAME' => '/backend/web/index.php'
    'PHP_SELF' => '/backend/web/index.php'
    'REQUEST_TIME_FLOAT' => 1567796134.756
    'REQUEST_TIME' => 1567796134
]
2019-09-06 18:55:57 [::1][-][r80qkoo8p84vo47r948auij8at][error][yii\base\InvalidArgumentException] yii\base\InvalidArgumentException: Hash is invalid. in D:\slada48_cms\vendor\yiisoft\yii2\base\Security.php:651
Stack trace:
#0 D:\slada48_cms\common\models\Admin.php(181): yii\base\Security->validatePassword('$2y$13$mwcqb4d7...', '')
#1 D:\slada48_cms\common\models\LoginForm.php(45): common\models\Admin->validatePassword('$2y$13$mwcqb4d7...')
#2 [internal function]: common\models\LoginForm->validatePassword('password', NULL, Object(yii\validators\InlineValidator))
#3 D:\slada48_cms\vendor\yiisoft\yii2\validators\InlineValidator.php(72): call_user_func(Array, 'password', NULL, Object(yii\validators\InlineValidator))
#4 D:\slada48_cms\vendor\yiisoft\yii2\validators\Validator.php(257): yii\validators\InlineValidator->validateAttribute(Object(common\models\LoginForm), 'password')
#5 D:\slada48_cms\vendor\yiisoft\yii2\base\Model.php(367): yii\validators\Validator->validateAttributes(Object(common\models\LoginForm), Array)
#6 D:\slada48_cms\common\models\LoginForm.php(58): yii\base\Model->validate()
#7 D:\slada48_cms\backend\controllers\SiteController.php(79): common\models\LoginForm->login()
#8 [internal function]: backend\controllers\SiteController->actionLogin()
#9 D:\slada48_cms\vendor\yiisoft\yii2\base\InlineAction.php(57): call_user_func_array(Array, Array)
#10 D:\slada48_cms\vendor\yiisoft\yii2\base\Controller.php(157): yii\base\InlineAction->runWithParams(Array)
#11 D:\slada48_cms\vendor\yiisoft\yii2\base\Module.php(528): yii\base\Controller->runAction('login', Array)
#12 D:\slada48_cms\vendor\yiisoft\yii2\web\Application.php(103): yii\base\Module->runAction('site/login', Array)
#13 D:\slada48_cms\vendor\yiisoft\yii2\base\Application.php(386): yii\web\Application->handleRequest(Object(yii\web\Request))
#14 D:\slada48_cms\backend\web\index.php(17): yii\base\Application->run()
#15 {main}
2019-09-06 18:55:57 [::1][-][r80qkoo8p84vo47r948auij8at][info][application] $_GET = []

$_POST = [
    '_csrf-backend' => 'KiEuQtUrgcDAxy94w7OlIM8wbORXd0zAy-R3hamyb_N_TAM1omfpgqqdaDyR9OIYhWMj0CVAPoSAsz30wucloA=='
    'LoginForm' => [
        'username' => 'admin'
        'password' => '$2y$13$mwcqb4d7Qjo8v2HrS9Jvoe9B0Qre45c0u4eEb6SUvheoQwd1CVKne'
        'rememberMe' => '1'
    ]
    'login-button' => ''
]

$_FILES = []

$_COOKIE = [
    'advanced-frontend' => 'q9q6sig0irhbh41sgujiqvhvu9'
    '_csrf-frontend' => '5440ee108df03b10d32a8bebd9fe0ef66715a41c43785901f1bc0bad539ec968a:2:{i:0;s:14:\"_csrf-frontend\";i:1;s:32:\"MeToAxLj3ZOaglCstRAJLRNNuf66Rm3c\";}'
    'advanced-backend' => 'r80qkoo8p84vo47r948auij8at'
    '_csrf-backend' => '02dbf3987bc3ef19747a31ef4b0294ac51c7720702341d034079307ff4cf7e67a:2:{i:0;s:13:\"_csrf-backend\";i:1;s:32:\"Um-wwLhBjZGDRGG8JSO4r7rDKWJqkUJS\";}'
]

$_SESSION = [
    '__flash' => []
    '__returnUrl' => 'http://slada48.loc:8080/admin'
]

$_SERVER = [
    'REDIRECT_STATUS' => '200'
    'HTTP_HOST' => 'slada48.loc:8080'
    'HTTP_CONNECTION' => 'keep-alive'
    'CONTENT_LENGTH' => '297'
    'HTTP_CACHE_CONTROL' => 'max-age=0'
    'HTTP_UPGRADE_INSECURE_REQUESTS' => '1'
    'HTTP_USER_AGENT' => 'Mozilla/5.0 (Windows NT 10.0; Win64; x64) AppleWebKit/537.36 (KHTML, like Gecko) Chrome/76.0.3809.132 Safari/537.36'
    'HTTP_ORIGIN' => 'http://slada48.loc:8080'
    'CONTENT_TYPE' => 'application/x-www-form-urlencoded'
    'HTTP_ACCEPT' => 'text/html,application/xhtml+xml,application/xml;q=0.9,image/webp,image/apng,*/*;q=0.8,application/signed-exchange;v=b3'
    'HTTP_REFERER' => 'http://slada48.loc:8080/admin/site/login'
    'HTTP_ACCEPT_ENCODING' => 'gzip, deflate'
    'HTTP_ACCEPT_LANGUAGE' => 'ru-RU,ru;q=0.9,en-US;q=0.8,en;q=0.7'
    'HTTP_COOKIE' => 'advanced-frontend=q9q6sig0irhbh41sgujiqvhvu9; _csrf-frontend=5440ee108df03b10d32a8bebd9fe0ef66715a41c43785901f1bc0bad539ec968a%3A2%3A%7Bi%3A0%3Bs%3A14%3A%22_csrf-frontend%22%3Bi%3A1%3Bs%3A32%3A%22MeToAxLj3ZOaglCstRAJLRNNuf66Rm3c%22%3B%7D; advanced-backend=r80qkoo8p84vo47r948auij8at; _csrf-backend=02dbf3987bc3ef19747a31ef4b0294ac51c7720702341d034079307ff4cf7e67a%3A2%3A%7Bi%3A0%3Bs%3A13%3A%22_csrf-backend%22%3Bi%3A1%3Bs%3A32%3A%22Um-wwLhBjZGDRGG8JSO4r7rDKWJqkUJS%22%3B%7D'
    'PATH' => 'C:\\wamp64\\bin\\php\\php7.2.18;C:\\Windows;C:\\Windows\\System32\\Wbem;C:\\Windows\\System32\\WindowsPowerShell\\v1.0\\;C:\\Windows\\System32\\OpenSSH\\;C:\\Program Files\\Git\\cmd;C:\\ProgramData\\ComposerSetup\\bin;C:\\Program Files\\dotnet\\;C:\\Program Files\\Microsoft SQL Server\\130\\Tools\\Binn\\;C:\\Program Files\\nodejs\\;C:\\HashiCorp\\Vagrant\\bin;C:\\Program Files (x86)\\Common Files\\Acronis\\SnapAPI\\;C:\\Users\\Home\\AppData\\Local\\Microsoft\\WindowsApps;C:\\Users\\Home\\.dotnet\\tools'
    'SystemRoot' => 'C:\\Windows'
    'COMSPEC' => 'C:\\Windows\\system32\\cmd.exe'
    'PATHEXT' => '.COM;.EXE;.BAT;.CMD;.VBS;.VBE;.JS;.JSE;.WSF;.WSH;.MSC'
    'WINDIR' => 'C:\\Windows'
    'SERVER_SIGNATURE' => '<address>Apache/2.4.39 (Win64) PHP/7.2.18 Server at slada48.loc Port 8080</address>
'
    'SERVER_SOFTWARE' => 'Apache/2.4.39 (Win64) PHP/7.2.18'
    'SERVER_NAME' => 'slada48.loc'
    'SERVER_ADDR' => '::1'
    'SERVER_PORT' => '8080'
    'REMOTE_ADDR' => '::1'
    'DOCUMENT_ROOT' => 'D:/slada48_cms'
    'REQUEST_SCHEME' => 'http'
    'CONTEXT_PREFIX' => ''
    'CONTEXT_DOCUMENT_ROOT' => 'D:/slada48_cms'
    'SERVER_ADMIN' => 'wampserver@wampserver.invalid'
    'SCRIPT_FILENAME' => 'D:/slada48_cms/backend/web/index.php'
    'REMOTE_PORT' => '50437'
    'REDIRECT_URL' => '/admin/site/login'
    'GATEWAY_INTERFACE' => 'CGI/1.1'
    'SERVER_PROTOCOL' => 'HTTP/1.1'
    'REQUEST_METHOD' => 'POST'
    'QUERY_STRING' => ''
    'REQUEST_URI' => '/admin/site/login'
    'SCRIPT_NAME' => '/backend/web/index.php'
    'PHP_SELF' => '/backend/web/index.php'
    'REQUEST_TIME_FLOAT' => 1567796157.801
    'REQUEST_TIME' => 1567796157
]
2019-09-06 22:38:25 [::1][1][iqr81tjvlmusb9rtcgji0j2ei3][error][yii\base\UnknownPropertyException] yii\base\UnknownPropertyException: Setting unknown property: backend\controllers\TestController::url in D:\slada48_cms\vendor\yiisoft\yii2\base\Component.php:209
Stack trace:
#0 D:\slada48_cms\vendor\yiisoft\yii2\BaseYii.php(546): yii\base\Component->__set('url', '/upload/images/...')
#1 D:\slada48_cms\vendor\yiisoft\yii2\base\BaseObject.php(107): yii\BaseYii::configure(Object(backend\controllers\TestController), Array)
#2 D:\slada48_cms\vendor\yiisoft\yii2\base\Action.php(62): yii\base\BaseObject->__construct(Array)
#3 [internal function]: yii\base\Action->__construct('image-upload', Object(backend\controllers\PageController), Array)
#4 D:\slada48_cms\vendor\yiisoft\yii2\di\Container.php(384): ReflectionClass->newInstanceArgs(Array)
#5 D:\slada48_cms\vendor\yiisoft\yii2\di\Container.php(156): yii\di\Container->build('backend\\control...', Array, Array)
#6 D:\slada48_cms\vendor\yiisoft\yii2\BaseYii.php(349): yii\di\Container->get('backend\\control...', Array, Array)
#7 D:\slada48_cms\vendor\yiisoft\yii2\base\Controller.php(227): yii\BaseYii::createObject(Array, Array)
#8 D:\slada48_cms\vendor\yiisoft\yii2\base\Controller.php(126): yii\base\Controller->createAction('image-upload')
#9 D:\slada48_cms\vendor\yiisoft\yii2\base\Module.php(528): yii\base\Controller->runAction('image-upload', Array)
#10 D:\slada48_cms\vendor\yiisoft\yii2\web\Application.php(103): yii\base\Module->runAction('page/image-uplo...', Array)
#11 D:\slada48_cms\vendor\yiisoft\yii2\base\Application.php(386): yii\web\Application->handleRequest(Object(yii\web\Request))
#12 D:\slada48_cms\backend\web\index.php(17): yii\base\Application->run()
#13 {main}
2019-09-06 22:38:25 [::1][1][iqr81tjvlmusb9rtcgji0j2ei3][info][application] $_GET = []

$_POST = [
    '_csrf-backend' => '-0PsJToGLtWlk0sG9Lv2OA1qekXic0UwnGyp5qDppBuxCIlve1R2mevEIEG877dXV1NXNIYlc1rIBN6U06DiRA=='
]

$_FILES = [
    'file' => [
        'name' => '47583694_291068334928850_8492132573658165255_n.jpg'
        'type' => 'image/jpeg'
        'tmp_name' => 'C:\\wamp64\\tmp\\phpF4EB.tmp'
        'error' => 0
        'size' => 103307
    ]
]

$_COOKIE = [
    'advanced-frontend' => 'q9q6sig0irhbh41sgujiqvhvu9'
    '_csrf-frontend' => '5440ee108df03b10d32a8bebd9fe0ef66715a41c43785901f1bc0bad539ec968a:2:{i:0;s:14:\"_csrf-frontend\";i:1;s:32:\"MeToAxLj3ZOaglCstRAJLRNNuf66Rm3c\";}'
    'advanced-backend' => 'iqr81tjvlmusb9rtcgji0j2ei3'
    '_identity-backend' => '954a825fa6d26383689e512de8e485ca93b445544d633d7f1f7b3cfd84509975a:2:{i:0;s:17:\"_identity-backend\";i:1;s:14:\"[1,\"\",2592000]\";}'
    '_csrf-backend' => '129c5a94e868efc43c6c905bdcc86c0c92773e7b4f52591afe305b49be0b1969a:2:{i:0;s:13:\"_csrf-backend\";i:1;s:32:\"JKeJARXLNWkGHTAoZ9-qdV6jThwrsIF_\";}'
]

$_SESSION = [
    '__flash' => []
    '__returnUrl' => 'http://slada48.loc:8080/admin'
    '__id' => 1
]

$_SERVER = [
    'REDIRECT_STATUS' => '200'
    'HTTP_HOST' => 'slada48.loc:8080'
    'HTTP_CONNECTION' => 'keep-alive'
    'CONTENT_LENGTH' => '103719'
    'HTTP_ORIGIN' => 'http://slada48.loc:8080'
    'HTTP_X_REQUESTED_WITH' => 'XMLHttpRequest'
    'HTTP_USER_AGENT' => 'Mozilla/5.0 (Windows NT 10.0; Win64; x64) AppleWebKit/537.36 (KHTML, like Gecko) Chrome/76.0.3809.132 Safari/537.36'
    'CONTENT_TYPE' => 'multipart/form-data; boundary=----WebKitFormBoundarywProeqmJmgqKxa6g'
    'HTTP_ACCEPT' => '*/*'
    'HTTP_REFERER' => 'http://slada48.loc:8080/admin/page/update?id=5'
    'HTTP_ACCEPT_ENCODING' => 'gzip, deflate'
    'HTTP_ACCEPT_LANGUAGE' => 'ru-RU,ru;q=0.9,en-US;q=0.8,en;q=0.7'
    'HTTP_COOKIE' => 'advanced-frontend=q9q6sig0irhbh41sgujiqvhvu9; _csrf-frontend=5440ee108df03b10d32a8bebd9fe0ef66715a41c43785901f1bc0bad539ec968a%3A2%3A%7Bi%3A0%3Bs%3A14%3A%22_csrf-frontend%22%3Bi%3A1%3Bs%3A32%3A%22MeToAxLj3ZOaglCstRAJLRNNuf66Rm3c%22%3B%7D; advanced-backend=iqr81tjvlmusb9rtcgji0j2ei3; _identity-backend=954a825fa6d26383689e512de8e485ca93b445544d633d7f1f7b3cfd84509975a%3A2%3A%7Bi%3A0%3Bs%3A17%3A%22_identity-backend%22%3Bi%3A1%3Bs%3A14%3A%22%5B1%2C%22%22%2C2592000%5D%22%3B%7D; _csrf-backend=129c5a94e868efc43c6c905bdcc86c0c92773e7b4f52591afe305b49be0b1969a%3A2%3A%7Bi%3A0%3Bs%3A13%3A%22_csrf-backend%22%3Bi%3A1%3Bs%3A32%3A%22JKeJARXLNWkGHTAoZ9-qdV6jThwrsIF_%22%3B%7D'
    'PATH' => 'C:\\wamp64\\bin\\php\\php7.2.18;C:\\Windows;C:\\Windows\\System32\\Wbem;C:\\Windows\\System32\\WindowsPowerShell\\v1.0\\;C:\\Windows\\System32\\OpenSSH\\;C:\\Program Files\\Git\\cmd;C:\\ProgramData\\ComposerSetup\\bin;C:\\Program Files\\dotnet\\;C:\\Program Files\\Microsoft SQL Server\\130\\Tools\\Binn\\;C:\\Program Files\\nodejs\\;C:\\HashiCorp\\Vagrant\\bin;C:\\Program Files (x86)\\Common Files\\Acronis\\SnapAPI\\;C:\\Users\\Home\\AppData\\Local\\Microsoft\\WindowsApps;C:\\Users\\Home\\.dotnet\\tools'
    'SystemRoot' => 'C:\\Windows'
    'COMSPEC' => 'C:\\Windows\\system32\\cmd.exe'
    'PATHEXT' => '.COM;.EXE;.BAT;.CMD;.VBS;.VBE;.JS;.JSE;.WSF;.WSH;.MSC'
    'WINDIR' => 'C:\\Windows'
    'SERVER_SIGNATURE' => '<address>Apache/2.4.39 (Win64) PHP/7.2.18 Server at slada48.loc Port 8080</address>
'
    'SERVER_SOFTWARE' => 'Apache/2.4.39 (Win64) PHP/7.2.18'
    'SERVER_NAME' => 'slada48.loc'
    'SERVER_ADDR' => '::1'
    'SERVER_PORT' => '8080'
    'REMOTE_ADDR' => '::1'
    'DOCUMENT_ROOT' => 'D:/slada48_cms'
    'REQUEST_SCHEME' => 'http'
    'CONTEXT_PREFIX' => ''
    'CONTEXT_DOCUMENT_ROOT' => 'D:/slada48_cms'
    'SERVER_ADMIN' => 'wampserver@wampserver.invalid'
    'SCRIPT_FILENAME' => 'D:/slada48_cms/backend/web/index.php'
    'REMOTE_PORT' => '52832'
    'REDIRECT_URL' => '/admin/page/image-upload'
    'GATEWAY_INTERFACE' => 'CGI/1.1'
    'SERVER_PROTOCOL' => 'HTTP/1.1'
    'REQUEST_METHOD' => 'POST'
    'QUERY_STRING' => ''
    'REQUEST_URI' => '/admin/page/image-upload'
    'SCRIPT_NAME' => '/backend/web/index.php'
    'PHP_SELF' => '/backend/web/index.php'
    'REQUEST_TIME_FLOAT' => 1567809505.206
    'REQUEST_TIME' => 1567809505
]
2019-09-06 22:39:16 [::1][1][iqr81tjvlmusb9rtcgji0j2ei3][error][ParseError] ParseError: syntax error, unexpected 'path' (T_STRING), expecting function (T_FUNCTION) or const (T_CONST) in D:\slada48_cms\backend\controllers\TestController.php:11
Stack trace:
#0 [internal function]: yii\BaseYii::autoload('backend\\control...')
#1 D:\slada48_cms\backend\controllers\PageController.php(87): spl_autoload_call('backend\\control...')
#2 D:\slada48_cms\vendor\yiisoft\yii2\base\Controller.php(225): backend\controllers\PageController->actions()
#3 D:\slada48_cms\vendor\yiisoft\yii2\base\Controller.php(126): yii\base\Controller->createAction('update')
#4 D:\slada48_cms\vendor\yiisoft\yii2\base\Module.php(528): yii\base\Controller->runAction('update', Array)
#5 D:\slada48_cms\vendor\yiisoft\yii2\web\Application.php(103): yii\base\Module->runAction('page/update', Array)
#6 D:\slada48_cms\vendor\yiisoft\yii2\base\Application.php(386): yii\web\Application->handleRequest(Object(yii\web\Request))
#7 D:\slada48_cms\backend\web\index.php(17): yii\base\Application->run()
#8 {main}
2019-09-06 22:39:16 [::1][1][iqr81tjvlmusb9rtcgji0j2ei3][info][application] $_GET = [
    'id' => '5'
]

$_POST = []

$_FILES = []

$_COOKIE = [
    'advanced-frontend' => 'q9q6sig0irhbh41sgujiqvhvu9'
    '_csrf-frontend' => '5440ee108df03b10d32a8bebd9fe0ef66715a41c43785901f1bc0bad539ec968a:2:{i:0;s:14:\"_csrf-frontend\";i:1;s:32:\"MeToAxLj3ZOaglCstRAJLRNNuf66Rm3c\";}'
    'advanced-backend' => 'iqr81tjvlmusb9rtcgji0j2ei3'
    '_identity-backend' => '954a825fa6d26383689e512de8e485ca93b445544d633d7f1f7b3cfd84509975a:2:{i:0;s:17:\"_identity-backend\";i:1;s:14:\"[1,\"\",2592000]\";}'
    '_csrf-backend' => '129c5a94e868efc43c6c905bdcc86c0c92773e7b4f52591afe305b49be0b1969a:2:{i:0;s:13:\"_csrf-backend\";i:1;s:32:\"JKeJARXLNWkGHTAoZ9-qdV6jThwrsIF_\";}'
]

$_SESSION = [
    '__flash' => []
    '__returnUrl' => 'http://slada48.loc:8080/admin'
    '__id' => 1
]

$_SERVER = [
    'REDIRECT_STATUS' => '200'
    'HTTP_HOST' => 'slada48.loc:8080'
    'HTTP_CONNECTION' => 'keep-alive'
    'HTTP_CACHE_CONTROL' => 'max-age=0'
    'HTTP_UPGRADE_INSECURE_REQUESTS' => '1'
    'HTTP_USER_AGENT' => 'Mozilla/5.0 (Windows NT 10.0; Win64; x64) AppleWebKit/537.36 (KHTML, like Gecko) Chrome/76.0.3809.132 Safari/537.36'
    'HTTP_ACCEPT' => 'text/html,application/xhtml+xml,application/xml;q=0.9,image/webp,image/apng,*/*;q=0.8,application/signed-exchange;v=b3'
    'HTTP_REFERER' => 'http://slada48.loc:8080/admin/page/index'
    'HTTP_ACCEPT_ENCODING' => 'gzip, deflate'
    'HTTP_ACCEPT_LANGUAGE' => 'ru-RU,ru;q=0.9,en-US;q=0.8,en;q=0.7'
    'HTTP_COOKIE' => 'advanced-frontend=q9q6sig0irhbh41sgujiqvhvu9; _csrf-frontend=5440ee108df03b10d32a8bebd9fe0ef66715a41c43785901f1bc0bad539ec968a%3A2%3A%7Bi%3A0%3Bs%3A14%3A%22_csrf-frontend%22%3Bi%3A1%3Bs%3A32%3A%22MeToAxLj3ZOaglCstRAJLRNNuf66Rm3c%22%3B%7D; advanced-backend=iqr81tjvlmusb9rtcgji0j2ei3; _identity-backend=954a825fa6d26383689e512de8e485ca93b445544d633d7f1f7b3cfd84509975a%3A2%3A%7Bi%3A0%3Bs%3A17%3A%22_identity-backend%22%3Bi%3A1%3Bs%3A14%3A%22%5B1%2C%22%22%2C2592000%5D%22%3B%7D; _csrf-backend=129c5a94e868efc43c6c905bdcc86c0c92773e7b4f52591afe305b49be0b1969a%3A2%3A%7Bi%3A0%3Bs%3A13%3A%22_csrf-backend%22%3Bi%3A1%3Bs%3A32%3A%22JKeJARXLNWkGHTAoZ9-qdV6jThwrsIF_%22%3B%7D'
    'PATH' => 'C:\\wamp64\\bin\\php\\php7.2.18;C:\\Windows;C:\\Windows\\System32\\Wbem;C:\\Windows\\System32\\WindowsPowerShell\\v1.0\\;C:\\Windows\\System32\\OpenSSH\\;C:\\Program Files\\Git\\cmd;C:\\ProgramData\\ComposerSetup\\bin;C:\\Program Files\\dotnet\\;C:\\Program Files\\Microsoft SQL Server\\130\\Tools\\Binn\\;C:\\Program Files\\nodejs\\;C:\\HashiCorp\\Vagrant\\bin;C:\\Program Files (x86)\\Common Files\\Acronis\\SnapAPI\\;C:\\Users\\Home\\AppData\\Local\\Microsoft\\WindowsApps;C:\\Users\\Home\\.dotnet\\tools'
    'SystemRoot' => 'C:\\Windows'
    'COMSPEC' => 'C:\\Windows\\system32\\cmd.exe'
    'PATHEXT' => '.COM;.EXE;.BAT;.CMD;.VBS;.VBE;.JS;.JSE;.WSF;.WSH;.MSC'
    'WINDIR' => 'C:\\Windows'
    'SERVER_SIGNATURE' => '<address>Apache/2.4.39 (Win64) PHP/7.2.18 Server at slada48.loc Port 8080</address>
'
    'SERVER_SOFTWARE' => 'Apache/2.4.39 (Win64) PHP/7.2.18'
    'SERVER_NAME' => 'slada48.loc'
    'SERVER_ADDR' => '::1'
    'SERVER_PORT' => '8080'
    'REMOTE_ADDR' => '::1'
    'DOCUMENT_ROOT' => 'D:/slada48_cms'
    'REQUEST_SCHEME' => 'http'
    'CONTEXT_PREFIX' => ''
    'CONTEXT_DOCUMENT_ROOT' => 'D:/slada48_cms'
    'SERVER_ADMIN' => 'wampserver@wampserver.invalid'
    'SCRIPT_FILENAME' => 'D:/slada48_cms/backend/web/index.php'
    'REMOTE_PORT' => '52876'
    'REDIRECT_URL' => '/admin/page/update'
    'REDIRECT_QUERY_STRING' => 'id=5'
    'GATEWAY_INTERFACE' => 'CGI/1.1'
    'SERVER_PROTOCOL' => 'HTTP/1.1'
    'REQUEST_METHOD' => 'GET'
    'QUERY_STRING' => 'id=5'
    'REQUEST_URI' => '/admin/page/update?id=5'
    'SCRIPT_NAME' => '/backend/web/index.php'
    'PHP_SELF' => '/backend/web/index.php'
    'REQUEST_TIME_FLOAT' => 1567809556.599
    'REQUEST_TIME' => 1567809556
]
2019-09-06 22:44:02 [::1][1][iqr81tjvlmusb9rtcgji0j2ei3][error][Error] Error: Call to a member function getPathInfo() on string in D:\slada48_cms\vendor\yiisoft\yii2\web\UrlRule.php:390
Stack trace:
#0 D:\slada48_cms\vendor\yiisoft\yii2\web\UrlManager.php(310): yii\web\UrlRule->parseRequest(Object(yii\web\UrlManager), '/upload/images/...')
#1 D:\slada48_cms\backend\controllers\TestController.php(16): yii\web\UrlManager->parseRequest('/upload/images/...')
#2 [internal function]: backend\controllers\TestController->run()
#3 D:\slada48_cms\vendor\yiisoft\yii2\base\Action.php(94): call_user_func_array(Array, Array)
#4 D:\slada48_cms\vendor\yiisoft\yii2\base\Controller.php(157): yii\base\Action->runWithParams(Array)
#5 D:\slada48_cms\vendor\yiisoft\yii2\base\Module.php(528): yii\base\Controller->runAction('image-upload', Array)
#6 D:\slada48_cms\vendor\yiisoft\yii2\web\Application.php(103): yii\base\Module->runAction('page/image-uplo...', Array)
#7 D:\slada48_cms\vendor\yiisoft\yii2\base\Application.php(386): yii\web\Application->handleRequest(Object(yii\web\Request))
#8 D:\slada48_cms\backend\web\index.php(17): yii\base\Application->run()
#9 {main}
2019-09-06 22:44:02 [::1][1][iqr81tjvlmusb9rtcgji0j2ei3][info][application] $_GET = []

$_POST = [
    '_csrf-backend' => 'FHUlpjuKoxQeg2HcKZZXZrOTIUGuMzaRrdXIwVkpdOVePkDsetj7WFDUCpthwhYJ6aoMMMplAPv5vb-zKmAyug=='
]

$_FILES = [
    'file' => [
        'name' => '47583694_291068334928850_8492132573658165255_n.jpg'
        'type' => 'image/jpeg'
        'tmp_name' => 'C:\\wamp64\\tmp\\php1976.tmp'
        'error' => 0
        'size' => 103307
    ]
]

$_COOKIE = [
    'advanced-frontend' => 'q9q6sig0irhbh41sgujiqvhvu9'
    '_csrf-frontend' => '5440ee108df03b10d32a8bebd9fe0ef66715a41c43785901f1bc0bad539ec968a:2:{i:0;s:14:\"_csrf-frontend\";i:1;s:32:\"MeToAxLj3ZOaglCstRAJLRNNuf66Rm3c\";}'
    'advanced-backend' => 'iqr81tjvlmusb9rtcgji0j2ei3'
    '_identity-backend' => '954a825fa6d26383689e512de8e485ca93b445544d633d7f1f7b3cfd84509975a:2:{i:0;s:17:\"_identity-backend\";i:1;s:14:\"[1,\"\",2592000]\";}'
    '_csrf-backend' => '129c5a94e868efc43c6c905bdcc86c0c92773e7b4f52591afe305b49be0b1969a:2:{i:0;s:13:\"_csrf-backend\";i:1;s:32:\"JKeJARXLNWkGHTAoZ9-qdV6jThwrsIF_\";}'
]

$_SESSION = [
    '__flash' => []
    '__returnUrl' => 'http://slada48.loc:8080/admin'
    '__id' => 1
]

$_SERVER = [
    'REDIRECT_STATUS' => '200'
    'HTTP_HOST' => 'slada48.loc:8080'
    'HTTP_CONNECTION' => 'keep-alive'
    'CONTENT_LENGTH' => '103719'
    'HTTP_ORIGIN' => 'http://slada48.loc:8080'
    'HTTP_X_REQUESTED_WITH' => 'XMLHttpRequest'
    'HTTP_USER_AGENT' => 'Mozilla/5.0 (Windows NT 10.0; Win64; x64) AppleWebKit/537.36 (KHTML, like Gecko) Chrome/76.0.3809.132 Safari/537.36'
    'CONTENT_TYPE' => 'multipart/form-data; boundary=----WebKitFormBoundaryv5JJkPibJsA71Rwh'
    'HTTP_ACCEPT' => '*/*'
    'HTTP_REFERER' => 'http://slada48.loc:8080/admin/page/update?id=5'
    'HTTP_ACCEPT_ENCODING' => 'gzip, deflate'
    'HTTP_ACCEPT_LANGUAGE' => 'ru-RU,ru;q=0.9,en-US;q=0.8,en;q=0.7'
    'HTTP_COOKIE' => 'advanced-frontend=q9q6sig0irhbh41sgujiqvhvu9; _csrf-frontend=5440ee108df03b10d32a8bebd9fe0ef66715a41c43785901f1bc0bad539ec968a%3A2%3A%7Bi%3A0%3Bs%3A14%3A%22_csrf-frontend%22%3Bi%3A1%3Bs%3A32%3A%22MeToAxLj3ZOaglCstRAJLRNNuf66Rm3c%22%3B%7D; advanced-backend=iqr81tjvlmusb9rtcgji0j2ei3; _identity-backend=954a825fa6d26383689e512de8e485ca93b445544d633d7f1f7b3cfd84509975a%3A2%3A%7Bi%3A0%3Bs%3A17%3A%22_identity-backend%22%3Bi%3A1%3Bs%3A14%3A%22%5B1%2C%22%22%2C2592000%5D%22%3B%7D; _csrf-backend=129c5a94e868efc43c6c905bdcc86c0c92773e7b4f52591afe305b49be0b1969a%3A2%3A%7Bi%3A0%3Bs%3A13%3A%22_csrf-backend%22%3Bi%3A1%3Bs%3A32%3A%22JKeJARXLNWkGHTAoZ9-qdV6jThwrsIF_%22%3B%7D'
    'PATH' => 'C:\\wamp64\\bin\\php\\php7.2.18;C:\\Windows;C:\\Windows\\System32\\Wbem;C:\\Windows\\System32\\WindowsPowerShell\\v1.0\\;C:\\Windows\\System32\\OpenSSH\\;C:\\Program Files\\Git\\cmd;C:\\ProgramData\\ComposerSetup\\bin;C:\\Program Files\\dotnet\\;C:\\Program Files\\Microsoft SQL Server\\130\\Tools\\Binn\\;C:\\Program Files\\nodejs\\;C:\\HashiCorp\\Vagrant\\bin;C:\\Program Files (x86)\\Common Files\\Acronis\\SnapAPI\\;C:\\Users\\Home\\AppData\\Local\\Microsoft\\WindowsApps;C:\\Users\\Home\\.dotnet\\tools'
    'SystemRoot' => 'C:\\Windows'
    'COMSPEC' => 'C:\\Windows\\system32\\cmd.exe'
    'PATHEXT' => '.COM;.EXE;.BAT;.CMD;.VBS;.VBE;.JS;.JSE;.WSF;.WSH;.MSC'
    'WINDIR' => 'C:\\Windows'
    'SERVER_SIGNATURE' => '<address>Apache/2.4.39 (Win64) PHP/7.2.18 Server at slada48.loc Port 8080</address>
'
    'SERVER_SOFTWARE' => 'Apache/2.4.39 (Win64) PHP/7.2.18'
    'SERVER_NAME' => 'slada48.loc'
    'SERVER_ADDR' => '::1'
    'SERVER_PORT' => '8080'
    'REMOTE_ADDR' => '::1'
    'DOCUMENT_ROOT' => 'D:/slada48_cms'
    'REQUEST_SCHEME' => 'http'
    'CONTEXT_PREFIX' => ''
    'CONTEXT_DOCUMENT_ROOT' => 'D:/slada48_cms'
    'SERVER_ADMIN' => 'wampserver@wampserver.invalid'
    'SCRIPT_FILENAME' => 'D:/slada48_cms/backend/web/index.php'
    'REMOTE_PORT' => '53178'
    'REDIRECT_URL' => '/admin/page/image-upload'
    'GATEWAY_INTERFACE' => 'CGI/1.1'
    'SERVER_PROTOCOL' => 'HTTP/1.1'
    'REQUEST_METHOD' => 'POST'
    'QUERY_STRING' => ''
    'REQUEST_URI' => '/admin/page/image-upload'
    'SCRIPT_NAME' => '/backend/web/index.php'
    'PHP_SELF' => '/backend/web/index.php'
    'REQUEST_TIME_FLOAT' => 1567809842.23
    'REQUEST_TIME' => 1567809842
]
2019-09-06 22:51:01 [::1][1][iqr81tjvlmusb9rtcgji0j2ei3][error][Error] Error: Class 'backend\controllers\Request' not found in D:\slada48_cms\backend\controllers\TestController.php:18
Stack trace:
#0 [internal function]: backend\controllers\TestController->run()
#1 D:\slada48_cms\vendor\yiisoft\yii2\base\Action.php(94): call_user_func_array(Array, Array)
#2 D:\slada48_cms\vendor\yiisoft\yii2\base\Controller.php(157): yii\base\Action->runWithParams(Array)
#3 D:\slada48_cms\vendor\yiisoft\yii2\base\Module.php(528): yii\base\Controller->runAction('image-upload', Array)
#4 D:\slada48_cms\vendor\yiisoft\yii2\web\Application.php(103): yii\base\Module->runAction('page/image-uplo...', Array)
#5 D:\slada48_cms\vendor\yiisoft\yii2\base\Application.php(386): yii\web\Application->handleRequest(Object(yii\web\Request))
#6 D:\slada48_cms\backend\web\index.php(17): yii\base\Application->run()
#7 {main}
2019-09-06 22:51:01 [::1][1][iqr81tjvlmusb9rtcgji0j2ei3][info][application] $_GET = []

$_POST = [
    '_csrf-backend' => 'FHUlpjuKoxQeg2HcKZZXZrOTIUGuMzaRrdXIwVkpdOVePkDsetj7WFDUCpthwhYJ6aoMMMplAPv5vb-zKmAyug=='
]

$_FILES = [
    'file' => [
        'name' => '47583694_291068334928850_8492132573658165255_n.jpg'
        'type' => 'image/jpeg'
        'tmp_name' => 'C:\\wamp64\\tmp\\php7D87.tmp'
        'error' => 0
        'size' => 103307
    ]
]

$_COOKIE = [
    'advanced-frontend' => 'q9q6sig0irhbh41sgujiqvhvu9'
    '_csrf-frontend' => '5440ee108df03b10d32a8bebd9fe0ef66715a41c43785901f1bc0bad539ec968a:2:{i:0;s:14:\"_csrf-frontend\";i:1;s:32:\"MeToAxLj3ZOaglCstRAJLRNNuf66Rm3c\";}'
    'advanced-backend' => 'iqr81tjvlmusb9rtcgji0j2ei3'
    '_identity-backend' => '954a825fa6d26383689e512de8e485ca93b445544d633d7f1f7b3cfd84509975a:2:{i:0;s:17:\"_identity-backend\";i:1;s:14:\"[1,\"\",2592000]\";}'
    '_csrf-backend' => '129c5a94e868efc43c6c905bdcc86c0c92773e7b4f52591afe305b49be0b1969a:2:{i:0;s:13:\"_csrf-backend\";i:1;s:32:\"JKeJARXLNWkGHTAoZ9-qdV6jThwrsIF_\";}'
]

$_SESSION = [
    '__flash' => []
    '__returnUrl' => 'http://slada48.loc:8080/admin'
    '__id' => 1
]

$_SERVER = [
    'REDIRECT_STATUS' => '200'
    'HTTP_HOST' => 'slada48.loc:8080'
    'HTTP_CONNECTION' => 'keep-alive'
    'CONTENT_LENGTH' => '103719'
    'HTTP_ORIGIN' => 'http://slada48.loc:8080'
    'HTTP_X_REQUESTED_WITH' => 'XMLHttpRequest'
    'HTTP_USER_AGENT' => 'Mozilla/5.0 (Windows NT 10.0; Win64; x64) AppleWebKit/537.36 (KHTML, like Gecko) Chrome/76.0.3809.132 Safari/537.36'
    'CONTENT_TYPE' => 'multipart/form-data; boundary=----WebKitFormBoundaryT5atd4IZhBtfF1rl'
    'HTTP_ACCEPT' => '*/*'
    'HTTP_REFERER' => 'http://slada48.loc:8080/admin/page/update?id=5'
    'HTTP_ACCEPT_ENCODING' => 'gzip, deflate'
    'HTTP_ACCEPT_LANGUAGE' => 'ru-RU,ru;q=0.9,en-US;q=0.8,en;q=0.7'
    'HTTP_COOKIE' => 'advanced-frontend=q9q6sig0irhbh41sgujiqvhvu9; _csrf-frontend=5440ee108df03b10d32a8bebd9fe0ef66715a41c43785901f1bc0bad539ec968a%3A2%3A%7Bi%3A0%3Bs%3A14%3A%22_csrf-frontend%22%3Bi%3A1%3Bs%3A32%3A%22MeToAxLj3ZOaglCstRAJLRNNuf66Rm3c%22%3B%7D; advanced-backend=iqr81tjvlmusb9rtcgji0j2ei3; _identity-backend=954a825fa6d26383689e512de8e485ca93b445544d633d7f1f7b3cfd84509975a%3A2%3A%7Bi%3A0%3Bs%3A17%3A%22_identity-backend%22%3Bi%3A1%3Bs%3A14%3A%22%5B1%2C%22%22%2C2592000%5D%22%3B%7D; _csrf-backend=129c5a94e868efc43c6c905bdcc86c0c92773e7b4f52591afe305b49be0b1969a%3A2%3A%7Bi%3A0%3Bs%3A13%3A%22_csrf-backend%22%3Bi%3A1%3Bs%3A32%3A%22JKeJARXLNWkGHTAoZ9-qdV6jThwrsIF_%22%3B%7D'
    'PATH' => 'C:\\wamp64\\bin\\php\\php7.2.18;C:\\Windows;C:\\Windows\\System32\\Wbem;C:\\Windows\\System32\\WindowsPowerShell\\v1.0\\;C:\\Windows\\System32\\OpenSSH\\;C:\\Program Files\\Git\\cmd;C:\\ProgramData\\ComposerSetup\\bin;C:\\Program Files\\dotnet\\;C:\\Program Files\\Microsoft SQL Server\\130\\Tools\\Binn\\;C:\\Program Files\\nodejs\\;C:\\HashiCorp\\Vagrant\\bin;C:\\Program Files (x86)\\Common Files\\Acronis\\SnapAPI\\;C:\\Users\\Home\\AppData\\Local\\Microsoft\\WindowsApps;C:\\Users\\Home\\.dotnet\\tools'
    'SystemRoot' => 'C:\\Windows'
    'COMSPEC' => 'C:\\Windows\\system32\\cmd.exe'
    'PATHEXT' => '.COM;.EXE;.BAT;.CMD;.VBS;.VBE;.JS;.JSE;.WSF;.WSH;.MSC'
    'WINDIR' => 'C:\\Windows'
    'SERVER_SIGNATURE' => '<address>Apache/2.4.39 (Win64) PHP/7.2.18 Server at slada48.loc Port 8080</address>
'
    'SERVER_SOFTWARE' => 'Apache/2.4.39 (Win64) PHP/7.2.18'
    'SERVER_NAME' => 'slada48.loc'
    'SERVER_ADDR' => '::1'
    'SERVER_PORT' => '8080'
    'REMOTE_ADDR' => '::1'
    'DOCUMENT_ROOT' => 'D:/slada48_cms'
    'REQUEST_SCHEME' => 'http'
    'CONTEXT_PREFIX' => ''
    'CONTEXT_DOCUMENT_ROOT' => 'D:/slada48_cms'
    'SERVER_ADMIN' => 'wampserver@wampserver.invalid'
    'SCRIPT_FILENAME' => 'D:/slada48_cms/backend/web/index.php'
    'REMOTE_PORT' => '53669'
    'REDIRECT_URL' => '/admin/page/image-upload'
    'GATEWAY_INTERFACE' => 'CGI/1.1'
    'SERVER_PROTOCOL' => 'HTTP/1.1'
    'REQUEST_METHOD' => 'POST'
    'QUERY_STRING' => ''
    'REQUEST_URI' => '/admin/page/image-upload'
    'SCRIPT_NAME' => '/backend/web/index.php'
    'PHP_SELF' => '/backend/web/index.php'
    'REQUEST_TIME_FLOAT' => 1567810261.064
    'REQUEST_TIME' => 1567810261
]
2019-09-06 22:52:16 [::1][1][iqr81tjvlmusb9rtcgji0j2ei3][error][yii\base\ErrorException:2] yii\base\ErrorException: strpos() expects parameter 1 to be string, array given in D:\slada48_cms\vendor\yiisoft\yii2\web\Request.php:911
Stack trace:
#0 D:\slada48_cms\vendor\yiisoft\yii2\web\Request.php(883): yii\web\Request->resolvePathInfo()
#1 D:\slada48_cms\vendor\yiisoft\yii2\web\UrlRule.php(390): yii\web\Request->getPathInfo()
#2 D:\slada48_cms\vendor\yiisoft\yii2\web\UrlManager.php(310): yii\web\UrlRule->parseRequest()
#3 D:\slada48_cms\backend\controllers\TestController.php(20): yii\web\UrlManager->parseRequest()
#4 D:\slada48_cms\vendor\yiisoft\yii2\base\Action.php(94): backend\controllers\TestController->run()
#5 D:\slada48_cms\vendor\yiisoft\yii2\base\Action.php(94): ::call_user_func_array:{D:\slada48_cms\vendor\yiisoft\yii2\base\Action.php:94}()
#6 D:\slada48_cms\vendor\yiisoft\yii2\base\Controller.php(157): backend\controllers\TestController->runWithParams()
#7 D:\slada48_cms\vendor\yiisoft\yii2\base\Module.php(528): backend\controllers\PageController->runAction()
#8 D:\slada48_cms\vendor\yiisoft\yii2\web\Application.php(103): yii\web\Application->runAction()
#9 D:\slada48_cms\vendor\yiisoft\yii2\base\Application.php(386): yii\web\Application->handleRequest()
#10 D:\slada48_cms\backend\web\index.php(17): yii\web\Application->run()
#11 {main}
2019-09-06 22:52:15 [::1][1][iqr81tjvlmusb9rtcgji0j2ei3][info][application] $_GET = []

$_POST = [
    '_csrf-backend' => 'Sx_TY3Zzsf7Z_q2qMmeLCbRNjsuThzojvmol87DpyYIBVLYpNyHpspepxu16M8pm7nSjuvfRDEnqAlKBw6CP3Q=='
]

$_FILES = [
    'file' => [
        'name' => '47583694_291068334928850_8492132573658165255_n.jpg'
        'type' => 'image/jpeg'
        'tmp_name' => 'C:\\wamp64\\tmp\\phpA1F5.tmp'
        'error' => 0
        'size' => 103307
    ]
]

$_COOKIE = [
    'advanced-frontend' => 'q9q6sig0irhbh41sgujiqvhvu9'
    '_csrf-frontend' => '5440ee108df03b10d32a8bebd9fe0ef66715a41c43785901f1bc0bad539ec968a:2:{i:0;s:14:\"_csrf-frontend\";i:1;s:32:\"MeToAxLj3ZOaglCstRAJLRNNuf66Rm3c\";}'
    'advanced-backend' => 'iqr81tjvlmusb9rtcgji0j2ei3'
    '_identity-backend' => '954a825fa6d26383689e512de8e485ca93b445544d633d7f1f7b3cfd84509975a:2:{i:0;s:17:\"_identity-backend\";i:1;s:14:\"[1,\"\",2592000]\";}'
    '_csrf-backend' => '129c5a94e868efc43c6c905bdcc86c0c92773e7b4f52591afe305b49be0b1969a:2:{i:0;s:13:\"_csrf-backend\";i:1;s:32:\"JKeJARXLNWkGHTAoZ9-qdV6jThwrsIF_\";}'
]

$_SESSION = [
    '__flash' => []
    '__returnUrl' => 'http://slada48.loc:8080/admin'
    '__id' => 1
]

$_SERVER = [
    'REDIRECT_STATUS' => '200'
    'HTTP_HOST' => 'slada48.loc:8080'
    'HTTP_CONNECTION' => 'keep-alive'
    'CONTENT_LENGTH' => '103719'
    'HTTP_ORIGIN' => 'http://slada48.loc:8080'
    'HTTP_X_REQUESTED_WITH' => 'XMLHttpRequest'
    'HTTP_USER_AGENT' => 'Mozilla/5.0 (Windows NT 10.0; Win64; x64) AppleWebKit/537.36 (KHTML, like Gecko) Chrome/76.0.3809.132 Safari/537.36'
    'CONTENT_TYPE' => 'multipart/form-data; boundary=----WebKitFormBoundarypjVrq0GVdFJCfxZy'
    'HTTP_ACCEPT' => '*/*'
    'HTTP_REFERER' => 'http://slada48.loc:8080/admin/page/update?id=5'
    'HTTP_ACCEPT_ENCODING' => 'gzip, deflate'
    'HTTP_ACCEPT_LANGUAGE' => 'ru-RU,ru;q=0.9,en-US;q=0.8,en;q=0.7'
    'HTTP_COOKIE' => 'advanced-frontend=q9q6sig0irhbh41sgujiqvhvu9; _csrf-frontend=5440ee108df03b10d32a8bebd9fe0ef66715a41c43785901f1bc0bad539ec968a%3A2%3A%7Bi%3A0%3Bs%3A14%3A%22_csrf-frontend%22%3Bi%3A1%3Bs%3A32%3A%22MeToAxLj3ZOaglCstRAJLRNNuf66Rm3c%22%3B%7D; advanced-backend=iqr81tjvlmusb9rtcgji0j2ei3; _identity-backend=954a825fa6d26383689e512de8e485ca93b445544d633d7f1f7b3cfd84509975a%3A2%3A%7Bi%3A0%3Bs%3A17%3A%22_identity-backend%22%3Bi%3A1%3Bs%3A14%3A%22%5B1%2C%22%22%2C2592000%5D%22%3B%7D; _csrf-backend=129c5a94e868efc43c6c905bdcc86c0c92773e7b4f52591afe305b49be0b1969a%3A2%3A%7Bi%3A0%3Bs%3A13%3A%22_csrf-backend%22%3Bi%3A1%3Bs%3A32%3A%22JKeJARXLNWkGHTAoZ9-qdV6jThwrsIF_%22%3B%7D'
    'PATH' => 'C:\\wamp64\\bin\\php\\php7.2.18;C:\\Windows;C:\\Windows\\System32\\Wbem;C:\\Windows\\System32\\WindowsPowerShell\\v1.0\\;C:\\Windows\\System32\\OpenSSH\\;C:\\Program Files\\Git\\cmd;C:\\ProgramData\\ComposerSetup\\bin;C:\\Program Files\\dotnet\\;C:\\Program Files\\Microsoft SQL Server\\130\\Tools\\Binn\\;C:\\Program Files\\nodejs\\;C:\\HashiCorp\\Vagrant\\bin;C:\\Program Files (x86)\\Common Files\\Acronis\\SnapAPI\\;C:\\Users\\Home\\AppData\\Local\\Microsoft\\WindowsApps;C:\\Users\\Home\\.dotnet\\tools'
    'SystemRoot' => 'C:\\Windows'
    'COMSPEC' => 'C:\\Windows\\system32\\cmd.exe'
    'PATHEXT' => '.COM;.EXE;.BAT;.CMD;.VBS;.VBE;.JS;.JSE;.WSF;.WSH;.MSC'
    'WINDIR' => 'C:\\Windows'
    'SERVER_SIGNATURE' => '<address>Apache/2.4.39 (Win64) PHP/7.2.18 Server at slada48.loc Port 8080</address>
'
    'SERVER_SOFTWARE' => 'Apache/2.4.39 (Win64) PHP/7.2.18'
    'SERVER_NAME' => 'slada48.loc'
    'SERVER_ADDR' => '::1'
    'SERVER_PORT' => '8080'
    'REMOTE_ADDR' => '::1'
    'DOCUMENT_ROOT' => 'D:/slada48_cms'
    'REQUEST_SCHEME' => 'http'
    'CONTEXT_PREFIX' => ''
    'CONTEXT_DOCUMENT_ROOT' => 'D:/slada48_cms'
    'SERVER_ADMIN' => 'wampserver@wampserver.invalid'
    'SCRIPT_FILENAME' => 'D:/slada48_cms/backend/web/index.php'
    'REMOTE_PORT' => '53752'
    'REDIRECT_URL' => '/admin/page/image-upload'
    'GATEWAY_INTERFACE' => 'CGI/1.1'
    'SERVER_PROTOCOL' => 'HTTP/1.1'
    'REQUEST_METHOD' => 'POST'
    'QUERY_STRING' => ''
    'REQUEST_URI' => '/admin/page/image-upload'
    'SCRIPT_NAME' => '/backend/web/index.php'
    'PHP_SELF' => '/backend/web/index.php'
    'REQUEST_TIME_FLOAT' => 1567810335.931
    'REQUEST_TIME' => 1567810335
]
2019-09-06 23:09:48 [::1][1][iqr81tjvlmusb9rtcgji0j2ei3][error][yii\base\InvalidArgumentException] yii\base\InvalidArgumentException: The dir argument must be a directory: D:\slada48_cms\backend\controllers/../../frontend/web/upload/images/pages in D:\slada48_cms\vendor\yiisoft\yii2\helpers\BaseFileHelper.php:571
Stack trace:
#0 D:\slada48_cms\vendor\yiisoft\yii2\helpers\BaseFileHelper.php(477): yii\helpers\BaseFileHelper::clearDir('D:\\slada48_cms\\...')
#1 D:\slada48_cms\vendor\vova07\yii2-imperavi-widget\src\actions\GetImagesAction.php(88): yii\helpers\BaseFileHelper::findFiles('D:\\slada48_cms\\...', Array)
#2 [internal function]: vova07\imperavi\actions\GetImagesAction->run()
#3 D:\slada48_cms\vendor\yiisoft\yii2\base\Action.php(94): call_user_func_array(Array, Array)
#4 D:\slada48_cms\vendor\yiisoft\yii2\base\Controller.php(157): yii\base\Action->runWithParams(Array)
#5 D:\slada48_cms\vendor\yiisoft\yii2\base\Module.php(528): yii\base\Controller->runAction('images-get', Array)
#6 D:\slada48_cms\vendor\yiisoft\yii2\web\Application.php(103): yii\base\Module->runAction('page/images-get', Array)
#7 D:\slada48_cms\vendor\yiisoft\yii2\base\Application.php(386): yii\web\Application->handleRequest(Object(yii\web\Request))
#8 D:\slada48_cms\backend\web\index.php(17): yii\base\Application->run()
#9 {main}
2019-09-06 23:09:48 [::1][1][iqr81tjvlmusb9rtcgji0j2ei3][info][application] $_GET = [
    '_' => '1567811386270'
]

$_POST = []

$_FILES = []

$_COOKIE = [
    'advanced-frontend' => 'q9q6sig0irhbh41sgujiqvhvu9'
    '_csrf-frontend' => '5440ee108df03b10d32a8bebd9fe0ef66715a41c43785901f1bc0bad539ec968a:2:{i:0;s:14:\"_csrf-frontend\";i:1;s:32:\"MeToAxLj3ZOaglCstRAJLRNNuf66Rm3c\";}'
    'advanced-backend' => 'iqr81tjvlmusb9rtcgji0j2ei3'
    '_identity-backend' => '954a825fa6d26383689e512de8e485ca93b445544d633d7f1f7b3cfd84509975a:2:{i:0;s:17:\"_identity-backend\";i:1;s:14:\"[1,\"\",2592000]\";}'
    '_csrf-backend' => '129c5a94e868efc43c6c905bdcc86c0c92773e7b4f52591afe305b49be0b1969a:2:{i:0;s:13:\"_csrf-backend\";i:1;s:32:\"JKeJARXLNWkGHTAoZ9-qdV6jThwrsIF_\";}'
]

$_SESSION = [
    '__flash' => []
    '__returnUrl' => 'http://slada48.loc:8080/admin'
    '__id' => 1
]

$_SERVER = [
    'REDIRECT_STATUS' => '200'
    'HTTP_HOST' => 'slada48.loc:8080'
    'HTTP_CONNECTION' => 'keep-alive'
    'HTTP_ACCEPT' => 'application/json, text/javascript, */*; q=0.01'
    'HTTP_X_CSRF_TOKEN' => '4FaZ-MfV6ibyQBu4nCym0xspFaFStGc33hpXlRBWOLmqHfyyhoeyarwXcP_UeOe8QRA40DbiUV2KciDnYx9-5g=='
    'HTTP_X_REQUESTED_WITH' => 'XMLHttpRequest'
    'HTTP_USER_AGENT' => 'Mozilla/5.0 (Windows NT 10.0; Win64; x64) AppleWebKit/537.36 (KHTML, like Gecko) Chrome/76.0.3809.132 Safari/537.36'
    'HTTP_REFERER' => 'http://slada48.loc:8080/admin/page/update?id=5'
    'HTTP_ACCEPT_ENCODING' => 'gzip, deflate'
    'HTTP_ACCEPT_LANGUAGE' => 'ru-RU,ru;q=0.9,en-US;q=0.8,en;q=0.7'
    'HTTP_COOKIE' => 'advanced-frontend=q9q6sig0irhbh41sgujiqvhvu9; _csrf-frontend=5440ee108df03b10d32a8bebd9fe0ef66715a41c43785901f1bc0bad539ec968a%3A2%3A%7Bi%3A0%3Bs%3A14%3A%22_csrf-frontend%22%3Bi%3A1%3Bs%3A32%3A%22MeToAxLj3ZOaglCstRAJLRNNuf66Rm3c%22%3B%7D; advanced-backend=iqr81tjvlmusb9rtcgji0j2ei3; _identity-backend=954a825fa6d26383689e512de8e485ca93b445544d633d7f1f7b3cfd84509975a%3A2%3A%7Bi%3A0%3Bs%3A17%3A%22_identity-backend%22%3Bi%3A1%3Bs%3A14%3A%22%5B1%2C%22%22%2C2592000%5D%22%3B%7D; _csrf-backend=129c5a94e868efc43c6c905bdcc86c0c92773e7b4f52591afe305b49be0b1969a%3A2%3A%7Bi%3A0%3Bs%3A13%3A%22_csrf-backend%22%3Bi%3A1%3Bs%3A32%3A%22JKeJARXLNWkGHTAoZ9-qdV6jThwrsIF_%22%3B%7D'
    'PATH' => 'C:\\wamp64\\bin\\php\\php7.2.18;C:\\Windows;C:\\Windows\\System32\\Wbem;C:\\Windows\\System32\\WindowsPowerShell\\v1.0\\;C:\\Windows\\System32\\OpenSSH\\;C:\\Program Files\\Git\\cmd;C:\\ProgramData\\ComposerSetup\\bin;C:\\Program Files\\dotnet\\;C:\\Program Files\\Microsoft SQL Server\\130\\Tools\\Binn\\;C:\\Program Files\\nodejs\\;C:\\HashiCorp\\Vagrant\\bin;C:\\Program Files (x86)\\Common Files\\Acronis\\SnapAPI\\;C:\\Users\\Home\\AppData\\Local\\Microsoft\\WindowsApps;C:\\Users\\Home\\.dotnet\\tools'
    'SystemRoot' => 'C:\\Windows'
    'COMSPEC' => 'C:\\Windows\\system32\\cmd.exe'
    'PATHEXT' => '.COM;.EXE;.BAT;.CMD;.VBS;.VBE;.JS;.JSE;.WSF;.WSH;.MSC'
    'WINDIR' => 'C:\\Windows'
    'SERVER_SIGNATURE' => '<address>Apache/2.4.39 (Win64) PHP/7.2.18 Server at slada48.loc Port 8080</address>
'
    'SERVER_SOFTWARE' => 'Apache/2.4.39 (Win64) PHP/7.2.18'
    'SERVER_NAME' => 'slada48.loc'
    'SERVER_ADDR' => '::1'
    'SERVER_PORT' => '8080'
    'REMOTE_ADDR' => '::1'
    'DOCUMENT_ROOT' => 'D:/slada48_cms'
    'REQUEST_SCHEME' => 'http'
    'CONTEXT_PREFIX' => ''
    'CONTEXT_DOCUMENT_ROOT' => 'D:/slada48_cms'
    'SERVER_ADMIN' => 'wampserver@wampserver.invalid'
    'SCRIPT_FILENAME' => 'D:/slada48_cms/backend/web/index.php'
    'REMOTE_PORT' => '54736'
    'REDIRECT_URL' => '/admin/page/images-get'
    'REDIRECT_QUERY_STRING' => '_=1567811386270'
    'GATEWAY_INTERFACE' => 'CGI/1.1'
    'SERVER_PROTOCOL' => 'HTTP/1.1'
    'REQUEST_METHOD' => 'GET'
    'QUERY_STRING' => '_=1567811386270'
    'REQUEST_URI' => '/admin/page/images-get?_=1567811386270'
    'SCRIPT_NAME' => '/backend/web/index.php'
    'PHP_SELF' => '/backend/web/index.php'
    'REQUEST_TIME_FLOAT' => 1567811388.762
    'REQUEST_TIME' => 1567811388
]
2019-09-06 23:09:48 [::1][1][iqr81tjvlmusb9rtcgji0j2ei3][error][yii\base\InvalidArgumentException] yii\base\InvalidArgumentException: The dir argument must be a directory: D:\slada48_cms\backend\controllers/../../frontend/web/upload/images/pages in D:\slada48_cms\vendor\yiisoft\yii2\helpers\BaseFileHelper.php:571
Stack trace:
#0 D:\slada48_cms\vendor\yiisoft\yii2\helpers\BaseFileHelper.php(477): yii\helpers\BaseFileHelper::clearDir('D:\\slada48_cms\\...')
#1 D:\slada48_cms\vendor\vova07\yii2-imperavi-widget\src\actions\GetImagesAction.php(88): yii\helpers\BaseFileHelper::findFiles('D:\\slada48_cms\\...', Array)
#2 [internal function]: vova07\imperavi\actions\GetImagesAction->run()
#3 D:\slada48_cms\vendor\yiisoft\yii2\base\Action.php(94): call_user_func_array(Array, Array)
#4 D:\slada48_cms\vendor\yiisoft\yii2\base\Controller.php(157): yii\base\Action->runWithParams(Array)
#5 D:\slada48_cms\vendor\yiisoft\yii2\base\Module.php(528): yii\base\Controller->runAction('images-get', Array)
#6 D:\slada48_cms\vendor\yiisoft\yii2\web\Application.php(103): yii\base\Module->runAction('page/images-get', Array)
#7 D:\slada48_cms\vendor\yiisoft\yii2\base\Application.php(386): yii\web\Application->handleRequest(Object(yii\web\Request))
#8 D:\slada48_cms\backend\web\index.php(17): yii\base\Application->run()
#9 {main}
2019-09-06 23:09:48 [::1][1][iqr81tjvlmusb9rtcgji0j2ei3][info][application] $_GET = [
    '_' => '1567811386269'
]

$_POST = []

$_FILES = []

$_COOKIE = [
    'advanced-frontend' => 'q9q6sig0irhbh41sgujiqvhvu9'
    '_csrf-frontend' => '5440ee108df03b10d32a8bebd9fe0ef66715a41c43785901f1bc0bad539ec968a:2:{i:0;s:14:\"_csrf-frontend\";i:1;s:32:\"MeToAxLj3ZOaglCstRAJLRNNuf66Rm3c\";}'
    'advanced-backend' => 'iqr81tjvlmusb9rtcgji0j2ei3'
    '_identity-backend' => '954a825fa6d26383689e512de8e485ca93b445544d633d7f1f7b3cfd84509975a:2:{i:0;s:17:\"_identity-backend\";i:1;s:14:\"[1,\"\",2592000]\";}'
    '_csrf-backend' => '129c5a94e868efc43c6c905bdcc86c0c92773e7b4f52591afe305b49be0b1969a:2:{i:0;s:13:\"_csrf-backend\";i:1;s:32:\"JKeJARXLNWkGHTAoZ9-qdV6jThwrsIF_\";}'
]

$_SESSION = [
    '__flash' => []
    '__returnUrl' => 'http://slada48.loc:8080/admin'
    '__id' => 1
]

$_SERVER = [
    'REDIRECT_STATUS' => '200'
    'HTTP_HOST' => 'slada48.loc:8080'
    'HTTP_CONNECTION' => 'keep-alive'
    'HTTP_ACCEPT' => 'application/json, text/javascript, */*; q=0.01'
    'HTTP_X_CSRF_TOKEN' => '4FaZ-MfV6ibyQBu4nCym0xspFaFStGc33hpXlRBWOLmqHfyyhoeyarwXcP_UeOe8QRA40DbiUV2KciDnYx9-5g=='
    'HTTP_X_REQUESTED_WITH' => 'XMLHttpRequest'
    'HTTP_USER_AGENT' => 'Mozilla/5.0 (Windows NT 10.0; Win64; x64) AppleWebKit/537.36 (KHTML, like Gecko) Chrome/76.0.3809.132 Safari/537.36'
    'HTTP_REFERER' => 'http://slada48.loc:8080/admin/page/update?id=5'
    'HTTP_ACCEPT_ENCODING' => 'gzip, deflate'
    'HTTP_ACCEPT_LANGUAGE' => 'ru-RU,ru;q=0.9,en-US;q=0.8,en;q=0.7'
    'HTTP_COOKIE' => 'advanced-frontend=q9q6sig0irhbh41sgujiqvhvu9; _csrf-frontend=5440ee108df03b10d32a8bebd9fe0ef66715a41c43785901f1bc0bad539ec968a%3A2%3A%7Bi%3A0%3Bs%3A14%3A%22_csrf-frontend%22%3Bi%3A1%3Bs%3A32%3A%22MeToAxLj3ZOaglCstRAJLRNNuf66Rm3c%22%3B%7D; advanced-backend=iqr81tjvlmusb9rtcgji0j2ei3; _identity-backend=954a825fa6d26383689e512de8e485ca93b445544d633d7f1f7b3cfd84509975a%3A2%3A%7Bi%3A0%3Bs%3A17%3A%22_identity-backend%22%3Bi%3A1%3Bs%3A14%3A%22%5B1%2C%22%22%2C2592000%5D%22%3B%7D; _csrf-backend=129c5a94e868efc43c6c905bdcc86c0c92773e7b4f52591afe305b49be0b1969a%3A2%3A%7Bi%3A0%3Bs%3A13%3A%22_csrf-backend%22%3Bi%3A1%3Bs%3A32%3A%22JKeJARXLNWkGHTAoZ9-qdV6jThwrsIF_%22%3B%7D'
    'PATH' => 'C:\\wamp64\\bin\\php\\php7.2.18;C:\\Windows;C:\\Windows\\System32\\Wbem;C:\\Windows\\System32\\WindowsPowerShell\\v1.0\\;C:\\Windows\\System32\\OpenSSH\\;C:\\Program Files\\Git\\cmd;C:\\ProgramData\\ComposerSetup\\bin;C:\\Program Files\\dotnet\\;C:\\Program Files\\Microsoft SQL Server\\130\\Tools\\Binn\\;C:\\Program Files\\nodejs\\;C:\\HashiCorp\\Vagrant\\bin;C:\\Program Files (x86)\\Common Files\\Acronis\\SnapAPI\\;C:\\Users\\Home\\AppData\\Local\\Microsoft\\WindowsApps;C:\\Users\\Home\\.dotnet\\tools'
    'SystemRoot' => 'C:\\Windows'
    'COMSPEC' => 'C:\\Windows\\system32\\cmd.exe'
    'PATHEXT' => '.COM;.EXE;.BAT;.CMD;.VBS;.VBE;.JS;.JSE;.WSF;.WSH;.MSC'
    'WINDIR' => 'C:\\Windows'
    'SERVER_SIGNATURE' => '<address>Apache/2.4.39 (Win64) PHP/7.2.18 Server at slada48.loc Port 8080</address>
'
    'SERVER_SOFTWARE' => 'Apache/2.4.39 (Win64) PHP/7.2.18'
    'SERVER_NAME' => 'slada48.loc'
    'SERVER_ADDR' => '::1'
    'SERVER_PORT' => '8080'
    'REMOTE_ADDR' => '::1'
    'DOCUMENT_ROOT' => 'D:/slada48_cms'
    'REQUEST_SCHEME' => 'http'
    'CONTEXT_PREFIX' => ''
    'CONTEXT_DOCUMENT_ROOT' => 'D:/slada48_cms'
    'SERVER_ADMIN' => 'wampserver@wampserver.invalid'
    'SCRIPT_FILENAME' => 'D:/slada48_cms/backend/web/index.php'
    'REMOTE_PORT' => '54742'
    'REDIRECT_URL' => '/admin/page/images-get'
    'REDIRECT_QUERY_STRING' => '_=1567811386269'
    'GATEWAY_INTERFACE' => 'CGI/1.1'
    'SERVER_PROTOCOL' => 'HTTP/1.1'
    'REQUEST_METHOD' => 'GET'
    'QUERY_STRING' => '_=1567811386269'
    'REQUEST_URI' => '/admin/page/images-get?_=1567811386269'
    'SCRIPT_NAME' => '/backend/web/index.php'
    'PHP_SELF' => '/backend/web/index.php'
    'REQUEST_TIME_FLOAT' => 1567811388.761
    'REQUEST_TIME' => 1567811388
]
2019-09-08 11:19:18 [::1][3][7i83mlb7i36a3hvql8f4sng6b0][error][yii\base\ErrorException:8] yii\base\ErrorException: Trying to get property 'title' of non-object in D:\slada48_cms\backend\views\product\view.php:44
Stack trace:
#0 D:\slada48_cms\vendor\yiisoft\yii2\widgets\DetailView.php(245): ::call_user_func:{D:\slada48_cms\vendor\yiisoft\yii2\widgets\DetailView.php:245}()
#1 D:\slada48_cms\vendor\yiisoft\yii2\widgets\DetailView.php(143): yii\widgets\DetailView->normalizeAttributes()
#2 D:\slada48_cms\vendor\yiisoft\yii2\base\BaseObject.php(109): yii\widgets\DetailView->init()
#3 D:\slada48_cms\vendor\yiisoft\yii2\di\Container.php(384): yii\widgets\DetailView->__construct()
#4 D:\slada48_cms\vendor\yiisoft\yii2\di\Container.php(384): ReflectionClass->newInstanceArgs()
#5 D:\slada48_cms\vendor\yiisoft\yii2\di\Container.php(156): yii\di\Container->build()
#6 D:\slada48_cms\vendor\yiisoft\yii2\BaseYii.php(349): yii\di\Container->get()
#7 D:\slada48_cms\vendor\yiisoft\yii2\base\Widget.php(137): yii\BaseYii::createObject()
#8 D:\slada48_cms\backend\views\product\view.php(53): yii\base\Widget::widget()
#9 D:\slada48_cms\vendor\yiisoft\yii2\base\View.php(348): yii\web\View->unknown()
#10 D:\slada48_cms\vendor\yiisoft\yii2\base\View.php(257): yii\web\View->renderPhpFile()
#11 D:\slada48_cms\vendor\yiisoft\yii2\base\View.php(156): yii\web\View->renderFile()
#12 D:\slada48_cms\vendor\yiisoft\yii2\base\Controller.php(386): yii\web\View->render()
#13 D:\slada48_cms\backend\controllers\ProductController.php(78): backend\controllers\ProductController->render()
#14 D:\slada48_cms\vendor\yiisoft\yii2\base\InlineAction.php(57): backend\controllers\ProductController->actionView()
#15 D:\slada48_cms\vendor\yiisoft\yii2\base\InlineAction.php(57): ::call_user_func_array:{D:\slada48_cms\vendor\yiisoft\yii2\base\InlineAction.php:57}()
#16 D:\slada48_cms\vendor\yiisoft\yii2\base\Controller.php(157): yii\base\InlineAction->runWithParams()
#17 D:\slada48_cms\vendor\yiisoft\yii2\base\Module.php(528): backend\controllers\ProductController->runAction()
#18 D:\slada48_cms\vendor\yiisoft\yii2\web\Application.php(103): yii\web\Application->runAction()
#19 D:\slada48_cms\vendor\yiisoft\yii2\base\Application.php(386): yii\web\Application->handleRequest()
#20 D:\slada48_cms\backend\web\index.php(17): yii\web\Application->run()
#21 {main}
2019-09-08 11:19:18 [::1][3][7i83mlb7i36a3hvql8f4sng6b0][info][application] $_GET = [
    'id' => '2774'
]

$_POST = []

$_FILES = []

$_COOKIE = [
    '_identity-frontend' => '2ecb6aa522e91282980c753a369325c6000661d6f68377fd6265f09bf6b1d6b8a:2:{i:0;s:18:\"_identity-frontend\";i:1;s:47:\"[30,\"-MMbmA5OefqsapTdtfDdanTr1NiGvfYo\",2592000]\";}'
    '_identity-backend' => '231b7679589120a57a3609767892baec690848010b52573343d186db185bdbbea:2:{i:0;s:17:\"_identity-backend\";i:1;s:14:\"[3,\"\",2592000]\";}'
    'advanced-frontend' => 'h2768ap4gh3im9i344k8qo365a'
    '_csrf-frontend' => 'e6b17cc4baab4a877f69cacc40d1c1695e964c991a62f62fd465de3ddb60229ca:2:{i:0;s:14:\"_csrf-frontend\";i:1;s:32:\"BOhscTntWwA_lu41qi-1VlYBgIji7WB3\";}'
    'advanced-backend' => '7i83mlb7i36a3hvql8f4sng6b0'
    '_csrf-backend' => '26d000983b4e28d4208e6b2b651cbb7de6ffe177c1ecdf086a0aa66b75fc3261a:2:{i:0;s:13:\"_csrf-backend\";i:1;s:32:\"_A9bgcQGam7m1pj74sZD-fJU31P53Z1M\";}'
]

$_SESSION = [
    '__flash' => []
    '__id' => 3
]

$_SERVER = [
    'REDIRECT_STATUS' => '200'
    'HTTP_HOST' => 'slada48.loc:8080'
    'HTTP_CONNECTION' => 'keep-alive'
    'HTTP_UPGRADE_INSECURE_REQUESTS' => '1'
    'HTTP_USER_AGENT' => 'Mozilla/5.0 (Windows NT 10.0; Win64; x64) AppleWebKit/537.36 (KHTML, like Gecko) Chrome/76.0.3809.132 Safari/537.36'
    'HTTP_ACCEPT' => 'text/html,application/xhtml+xml,application/xml;q=0.9,image/webp,image/apng,*/*;q=0.8,application/signed-exchange;v=b3'
    'HTTP_REFERER' => 'http://slada48.loc:8080/admin/product/index?sort=-id'
    'HTTP_ACCEPT_ENCODING' => 'gzip, deflate'
    'HTTP_ACCEPT_LANGUAGE' => 'ru-RU,ru;q=0.9,en-US;q=0.8,en;q=0.7'
    'HTTP_COOKIE' => '_identity-frontend=2ecb6aa522e91282980c753a369325c6000661d6f68377fd6265f09bf6b1d6b8a%3A2%3A%7Bi%3A0%3Bs%3A18%3A%22_identity-frontend%22%3Bi%3A1%3Bs%3A47%3A%22%5B30%2C%22-MMbmA5OefqsapTdtfDdanTr1NiGvfYo%22%2C2592000%5D%22%3B%7D; _identity-backend=231b7679589120a57a3609767892baec690848010b52573343d186db185bdbbea%3A2%3A%7Bi%3A0%3Bs%3A17%3A%22_identity-backend%22%3Bi%3A1%3Bs%3A14%3A%22%5B3%2C%22%22%2C2592000%5D%22%3B%7D; advanced-frontend=h2768ap4gh3im9i344k8qo365a; _csrf-frontend=e6b17cc4baab4a877f69cacc40d1c1695e964c991a62f62fd465de3ddb60229ca%3A2%3A%7Bi%3A0%3Bs%3A14%3A%22_csrf-frontend%22%3Bi%3A1%3Bs%3A32%3A%22BOhscTntWwA_lu41qi-1VlYBgIji7WB3%22%3B%7D; advanced-backend=7i83mlb7i36a3hvql8f4sng6b0; _csrf-backend=26d000983b4e28d4208e6b2b651cbb7de6ffe177c1ecdf086a0aa66b75fc3261a%3A2%3A%7Bi%3A0%3Bs%3A13%3A%22_csrf-backend%22%3Bi%3A1%3Bs%3A32%3A%22_A9bgcQGam7m1pj74sZD-fJU31P53Z1M%22%3B%7D'
    'PATH' => 'C:\\wamp64\\bin\\php\\php7.2.18;C:\\Windows;C:\\Windows\\System32\\Wbem;C:\\Windows\\System32\\WindowsPowerShell\\v1.0\\;C:\\Windows\\System32\\OpenSSH\\;C:\\Program Files\\Git\\cmd;C:\\ProgramData\\ComposerSetup\\bin;C:\\Program Files\\dotnet\\;C:\\Program Files\\Microsoft SQL Server\\130\\Tools\\Binn\\;C:\\Program Files\\nodejs\\;C:\\HashiCorp\\Vagrant\\bin;C:\\Program Files (x86)\\Common Files\\Acronis\\SnapAPI\\;C:\\Users\\Home\\AppData\\Local\\Microsoft\\WindowsApps;C:\\Users\\Home\\.dotnet\\tools'
    'SystemRoot' => 'C:\\Windows'
    'COMSPEC' => 'C:\\Windows\\system32\\cmd.exe'
    'PATHEXT' => '.COM;.EXE;.BAT;.CMD;.VBS;.VBE;.JS;.JSE;.WSF;.WSH;.MSC'
    'WINDIR' => 'C:\\Windows'
    'SERVER_SIGNATURE' => '<address>Apache/2.4.39 (Win64) PHP/7.2.18 Server at slada48.loc Port 8080</address>
'
    'SERVER_SOFTWARE' => 'Apache/2.4.39 (Win64) PHP/7.2.18'
    'SERVER_NAME' => 'slada48.loc'
    'SERVER_ADDR' => '::1'
    'SERVER_PORT' => '8080'
    'REMOTE_ADDR' => '::1'
    'DOCUMENT_ROOT' => 'D:/slada48_cms'
    'REQUEST_SCHEME' => 'http'
    'CONTEXT_PREFIX' => ''
    'CONTEXT_DOCUMENT_ROOT' => 'D:/slada48_cms'
    'SERVER_ADMIN' => 'wampserver@wampserver.invalid'
    'SCRIPT_FILENAME' => 'D:/slada48_cms/backend/web/index.php'
    'REMOTE_PORT' => '49166'
    'REDIRECT_URL' => '/admin/product/view'
    'REDIRECT_QUERY_STRING' => 'id=2774'
    'GATEWAY_INTERFACE' => 'CGI/1.1'
    'SERVER_PROTOCOL' => 'HTTP/1.1'
    'REQUEST_METHOD' => 'GET'
    'QUERY_STRING' => 'id=2774'
    'REQUEST_URI' => '/admin/product/view?id=2774'
    'SCRIPT_NAME' => '/backend/web/index.php'
    'PHP_SELF' => '/backend/web/index.php'
    'REQUEST_TIME_FLOAT' => 1567941558.275
    'REQUEST_TIME' => 1567941558
]
2019-09-08 11:21:12 [::1][3][7i83mlb7i36a3hvql8f4sng6b0][error][yii\base\ErrorException:8] yii\base\ErrorException: Trying to get property 'email' of non-object in D:\slada48_cms\backend\views\order\index.php:29
Stack trace:
#0 D:\slada48_cms\vendor\yiisoft\yii2\grid\DataColumn.php(230): ::call_user_func:{D:\slada48_cms\vendor\yiisoft\yii2\grid\DataColumn.php:230}()
#1 D:\slada48_cms\vendor\yiisoft\yii2\grid\DataColumn.php(244): yii\grid\DataColumn->getDataCellValue()
#2 D:\slada48_cms\vendor\yiisoft\yii2\grid\Column.php(111): yii\grid\DataColumn->renderDataCellContent()
#3 D:\slada48_cms\vendor\yiisoft\yii2\grid\GridView.php(525): yii\grid\DataColumn->renderDataCell()
#4 D:\slada48_cms\vendor\yiisoft\yii2\grid\GridView.php(494): yii\grid\GridView->renderTableRow()
#5 D:\slada48_cms\vendor\yiisoft\yii2\grid\GridView.php(358): yii\grid\GridView->renderTableBody()
#6 D:\slada48_cms\vendor\yiisoft\yii2\widgets\BaseListView.php(160): yii\grid\GridView->renderItems()
#7 D:\slada48_cms\vendor\yiisoft\yii2\grid\GridView.php(326): yii\grid\GridView->renderSection()
#8 D:\slada48_cms\vendor\yiisoft\yii2\widgets\BaseListView.php(135): yii\grid\GridView->renderSection()
#9 D:\slada48_cms\vendor\yiisoft\yii2\widgets\BaseListView.php(138): yii\grid\GridView->yii\widgets\{closure:D:\slada48_cms\vendor\yiisoft\yii2\widgets\BaseListView.php:134-138}()
#10 D:\slada48_cms\vendor\yiisoft\yii2\widgets\BaseListView.php(138): ::preg_replace_callback()
#11 D:\slada48_cms\vendor\yiisoft\yii2\grid\GridView.php(301): yii\grid\GridView->run()
#12 D:\slada48_cms\vendor\yiisoft\yii2\base\Widget.php(140): yii\grid\GridView->run()
#13 D:\slada48_cms\backend\views\order\index.php(22): yii\base\Widget::widget()
#14 D:\slada48_cms\vendor\yiisoft\yii2\base\View.php(348): yii\web\View->unknown()
#15 D:\slada48_cms\vendor\yiisoft\yii2\base\View.php(257): yii\web\View->renderPhpFile()
#16 D:\slada48_cms\vendor\yiisoft\yii2\base\View.php(156): yii\web\View->renderFile()
#17 D:\slada48_cms\vendor\yiisoft\yii2\base\Controller.php(386): yii\web\View->render()
#18 D:\slada48_cms\backend\controllers\OrderController.php(64): backend\controllers\OrderController->render()
#19 D:\slada48_cms\vendor\yiisoft\yii2\base\InlineAction.php(57): backend\controllers\OrderController->actionIndex()
#20 D:\slada48_cms\vendor\yiisoft\yii2\base\InlineAction.php(57): ::call_user_func_array:{D:\slada48_cms\vendor\yiisoft\yii2\base\InlineAction.php:57}()
#21 D:\slada48_cms\vendor\yiisoft\yii2\base\Controller.php(157): yii\base\InlineAction->runWithParams()
#22 D:\slada48_cms\vendor\yiisoft\yii2\base\Module.php(528): backend\controllers\OrderController->runAction()
#23 D:\slada48_cms\vendor\yiisoft\yii2\web\Application.php(103): yii\web\Application->runAction()
#24 D:\slada48_cms\vendor\yiisoft\yii2\base\Application.php(386): yii\web\Application->handleRequest()
#25 D:\slada48_cms\backend\web\index.php(17): yii\web\Application->run()
#26 {main}
2019-09-08 11:21:12 [::1][3][7i83mlb7i36a3hvql8f4sng6b0][info][application] $_GET = []

$_POST = []

$_FILES = []

$_COOKIE = [
    '_identity-frontend' => '2ecb6aa522e91282980c753a369325c6000661d6f68377fd6265f09bf6b1d6b8a:2:{i:0;s:18:\"_identity-frontend\";i:1;s:47:\"[30,\"-MMbmA5OefqsapTdtfDdanTr1NiGvfYo\",2592000]\";}'
    '_identity-backend' => '231b7679589120a57a3609767892baec690848010b52573343d186db185bdbbea:2:{i:0;s:17:\"_identity-backend\";i:1;s:14:\"[3,\"\",2592000]\";}'
    'advanced-frontend' => 'h2768ap4gh3im9i344k8qo365a'
    '_csrf-frontend' => 'e6b17cc4baab4a877f69cacc40d1c1695e964c991a62f62fd465de3ddb60229ca:2:{i:0;s:14:\"_csrf-frontend\";i:1;s:32:\"BOhscTntWwA_lu41qi-1VlYBgIji7WB3\";}'
    'advanced-backend' => '7i83mlb7i36a3hvql8f4sng6b0'
    '_csrf-backend' => '26d000983b4e28d4208e6b2b651cbb7de6ffe177c1ecdf086a0aa66b75fc3261a:2:{i:0;s:13:\"_csrf-backend\";i:1;s:32:\"_A9bgcQGam7m1pj74sZD-fJU31P53Z1M\";}'
]

$_SESSION = [
    '__flash' => []
    '__id' => 3
]

$_SERVER = [
    'REDIRECT_STATUS' => '200'
    'HTTP_HOST' => 'slada48.loc:8080'
    'HTTP_CONNECTION' => 'keep-alive'
    'HTTP_UPGRADE_INSECURE_REQUESTS' => '1'
    'HTTP_USER_AGENT' => 'Mozilla/5.0 (Windows NT 10.0; Win64; x64) AppleWebKit/537.36 (KHTML, like Gecko) Chrome/76.0.3809.132 Safari/537.36'
    'HTTP_ACCEPT' => 'text/html,application/xhtml+xml,application/xml;q=0.9,image/webp,image/apng,*/*;q=0.8,application/signed-exchange;v=b3'
    'HTTP_REFERER' => 'http://slada48.loc:8080/admin/product/index?sort=-id'
    'HTTP_ACCEPT_ENCODING' => 'gzip, deflate'
    'HTTP_ACCEPT_LANGUAGE' => 'ru-RU,ru;q=0.9,en-US;q=0.8,en;q=0.7'
    'HTTP_COOKIE' => '_identity-frontend=2ecb6aa522e91282980c753a369325c6000661d6f68377fd6265f09bf6b1d6b8a%3A2%3A%7Bi%3A0%3Bs%3A18%3A%22_identity-frontend%22%3Bi%3A1%3Bs%3A47%3A%22%5B30%2C%22-MMbmA5OefqsapTdtfDdanTr1NiGvfYo%22%2C2592000%5D%22%3B%7D; _identity-backend=231b7679589120a57a3609767892baec690848010b52573343d186db185bdbbea%3A2%3A%7Bi%3A0%3Bs%3A17%3A%22_identity-backend%22%3Bi%3A1%3Bs%3A14%3A%22%5B3%2C%22%22%2C2592000%5D%22%3B%7D; advanced-frontend=h2768ap4gh3im9i344k8qo365a; _csrf-frontend=e6b17cc4baab4a877f69cacc40d1c1695e964c991a62f62fd465de3ddb60229ca%3A2%3A%7Bi%3A0%3Bs%3A14%3A%22_csrf-frontend%22%3Bi%3A1%3Bs%3A32%3A%22BOhscTntWwA_lu41qi-1VlYBgIji7WB3%22%3B%7D; advanced-backend=7i83mlb7i36a3hvql8f4sng6b0; _csrf-backend=26d000983b4e28d4208e6b2b651cbb7de6ffe177c1ecdf086a0aa66b75fc3261a%3A2%3A%7Bi%3A0%3Bs%3A13%3A%22_csrf-backend%22%3Bi%3A1%3Bs%3A32%3A%22_A9bgcQGam7m1pj74sZD-fJU31P53Z1M%22%3B%7D'
    'PATH' => 'C:\\wamp64\\bin\\php\\php7.2.18;C:\\Windows;C:\\Windows\\System32\\Wbem;C:\\Windows\\System32\\WindowsPowerShell\\v1.0\\;C:\\Windows\\System32\\OpenSSH\\;C:\\Program Files\\Git\\cmd;C:\\ProgramData\\ComposerSetup\\bin;C:\\Program Files\\dotnet\\;C:\\Program Files\\Microsoft SQL Server\\130\\Tools\\Binn\\;C:\\Program Files\\nodejs\\;C:\\HashiCorp\\Vagrant\\bin;C:\\Program Files (x86)\\Common Files\\Acronis\\SnapAPI\\;C:\\Users\\Home\\AppData\\Local\\Microsoft\\WindowsApps;C:\\Users\\Home\\.dotnet\\tools'
    'SystemRoot' => 'C:\\Windows'
    'COMSPEC' => 'C:\\Windows\\system32\\cmd.exe'
    'PATHEXT' => '.COM;.EXE;.BAT;.CMD;.VBS;.VBE;.JS;.JSE;.WSF;.WSH;.MSC'
    'WINDIR' => 'C:\\Windows'
    'SERVER_SIGNATURE' => '<address>Apache/2.4.39 (Win64) PHP/7.2.18 Server at slada48.loc Port 8080</address>
'
    'SERVER_SOFTWARE' => 'Apache/2.4.39 (Win64) PHP/7.2.18'
    'SERVER_NAME' => 'slada48.loc'
    'SERVER_ADDR' => '::1'
    'SERVER_PORT' => '8080'
    'REMOTE_ADDR' => '::1'
    'DOCUMENT_ROOT' => 'D:/slada48_cms'
    'REQUEST_SCHEME' => 'http'
    'CONTEXT_PREFIX' => ''
    'CONTEXT_DOCUMENT_ROOT' => 'D:/slada48_cms'
    'SERVER_ADMIN' => 'wampserver@wampserver.invalid'
    'SCRIPT_FILENAME' => 'D:/slada48_cms/backend/web/index.php'
    'REMOTE_PORT' => '49312'
    'REDIRECT_URL' => '/admin/order/index'
    'GATEWAY_INTERFACE' => 'CGI/1.1'
    'SERVER_PROTOCOL' => 'HTTP/1.1'
    'REQUEST_METHOD' => 'GET'
    'QUERY_STRING' => ''
    'REQUEST_URI' => '/admin/order/index'
    'SCRIPT_NAME' => '/backend/web/index.php'
    'PHP_SELF' => '/backend/web/index.php'
    'REQUEST_TIME_FLOAT' => 1567941672.597
    'REQUEST_TIME' => 1567941672
]
