2019-09-06 11:18:21 [::1][-][-][error][yii\db\Exception] PDOException: SQLSTATE[HY000] [1045] Access denied for user 'host1518171_slada48'@'localhost' (using password: YES) in C:\Users\Home\Documents\slada_project\vendor\yiisoft\yii2\db\Connection.php:695
Stack trace:
#0 C:\Users\Home\Documents\slada_project\vendor\yiisoft\yii2\db\Connection.php(695): PDO->__construct('mysql:host=loca...', 'host1518171_sla...', 'WuOn3dli', NULL)
#1 C:\Users\Home\Documents\slada_project\vendor\yiisoft\yii2\db\Connection.php(621): yii\db\Connection->createPdoInstance()
#2 C:\Users\Home\Documents\slada_project\vendor\yiisoft\yii2\db\Connection.php(1012): yii\db\Connection->open()
#3 C:\Users\Home\Documents\slada_project\vendor\yiisoft\yii2\db\Connection.php(999): yii\db\Connection->getMasterPdo()
#4 C:\Users\Home\Documents\slada_project\vendor\yiisoft\yii2\db\mysql\QueryBuilder.php(393): yii\db\Connection->getSlavePdo()
#5 C:\Users\Home\Documents\slada_project\vendor\yiisoft\yii2\db\mysql\QueryBuilder.php(412): yii\db\mysql\QueryBuilder->supportsFractionalSeconds()
#6 C:\Users\Home\Documents\slada_project\vendor\yiisoft\yii2\db\mysql\QueryBuilder.php(57): yii\db\mysql\QueryBuilder->defaultTimeTypeMap()
#7 C:\Users\Home\Documents\slada_project\vendor\yiisoft\yii2\base\BaseObject.php(109): yii\db\mysql\QueryBuilder->init()
#8 C:\Users\Home\Documents\slada_project\vendor\yiisoft\yii2\db\QueryBuilder.php(116): yii\base\BaseObject->__construct(Array)
#9 C:\Users\Home\Documents\slada_project\vendor\yiisoft\yii2\db\mysql\Schema.php(217): yii\db\QueryBuilder->__construct(Object(yii\db\Connection))
#10 C:\Users\Home\Documents\slada_project\vendor\yiisoft\yii2\db\Schema.php(248): yii\db\mysql\Schema->createQueryBuilder()
#11 C:\Users\Home\Documents\slada_project\vendor\yiisoft\yii2\db\Connection.php(846): yii\db\Schema->getQueryBuilder()
#12 C:\Users\Home\Documents\slada_project\vendor\yiisoft\yii2\db\ActiveQuery.php(328): yii\db\Connection->getQueryBuilder()
#13 C:\Users\Home\Documents\slada_project\vendor\yiisoft\yii2\db\Query.php(237): yii\db\ActiveQuery->createCommand(Object(yii\db\Connection))
#14 C:\Users\Home\Documents\slada_project\vendor\yiisoft\yii2\db\ActiveQuery.php(133): yii\db\Query->all(NULL)
#15 C:\Users\Home\Documents\slada_project\frontend\controllers\SiteController.php(82): yii\db\ActiveQuery->all()
#16 [internal function]: frontend\controllers\SiteController->actionIndex()
#17 C:\Users\Home\Documents\slada_project\vendor\yiisoft\yii2\base\InlineAction.php(57): call_user_func_array(Array, Array)
#18 C:\Users\Home\Documents\slada_project\vendor\yiisoft\yii2\base\Controller.php(157): yii\base\InlineAction->runWithParams(Array)
#19 C:\Users\Home\Documents\slada_project\vendor\yiisoft\yii2\base\Module.php(528): yii\base\Controller->runAction('', Array)
#20 C:\Users\Home\Documents\slada_project\vendor\yiisoft\yii2\web\Application.php(103): yii\base\Module->runAction('', Array)
#21 C:\Users\Home\Documents\slada_project\vendor\yiisoft\yii2\base\Application.php(386): yii\web\Application->handleRequest(Object(yii\web\Request))
#22 C:\Users\Home\Documents\slada_project\frontend\web\index.php(17): yii\base\Application->run()
#23 {main}

Next yii\db\Exception: SQLSTATE[HY000] [1045] Access denied for user 'host1518171_slada48'@'localhost' (using password: YES) in C:\Users\Home\Documents\slada_project\vendor\yiisoft\yii2\db\Connection.php:632
Stack trace:
#0 C:\Users\Home\Documents\slada_project\vendor\yiisoft\yii2\db\Connection.php(1012): yii\db\Connection->open()
#1 C:\Users\Home\Documents\slada_project\vendor\yiisoft\yii2\db\Connection.php(999): yii\db\Connection->getMasterPdo()
#2 C:\Users\Home\Documents\slada_project\vendor\yiisoft\yii2\db\mysql\QueryBuilder.php(393): yii\db\Connection->getSlavePdo()
#3 C:\Users\Home\Documents\slada_project\vendor\yiisoft\yii2\db\mysql\QueryBuilder.php(412): yii\db\mysql\QueryBuilder->supportsFractionalSeconds()
#4 C:\Users\Home\Documents\slada_project\vendor\yiisoft\yii2\db\mysql\QueryBuilder.php(57): yii\db\mysql\QueryBuilder->defaultTimeTypeMap()
#5 C:\Users\Home\Documents\slada_project\vendor\yiisoft\yii2\base\BaseObject.php(109): yii\db\mysql\QueryBuilder->init()
#6 C:\Users\Home\Documents\slada_project\vendor\yiisoft\yii2\db\QueryBuilder.php(116): yii\base\BaseObject->__construct(Array)
#7 C:\Users\Home\Documents\slada_project\vendor\yiisoft\yii2\db\mysql\Schema.php(217): yii\db\QueryBuilder->__construct(Object(yii\db\Connection))
#8 C:\Users\Home\Documents\slada_project\vendor\yiisoft\yii2\db\Schema.php(248): yii\db\mysql\Schema->createQueryBuilder()
#9 C:\Users\Home\Documents\slada_project\vendor\yiisoft\yii2\db\Connection.php(846): yii\db\Schema->getQueryBuilder()
#10 C:\Users\Home\Documents\slada_project\vendor\yiisoft\yii2\db\ActiveQuery.php(328): yii\db\Connection->getQueryBuilder()
#11 C:\Users\Home\Documents\slada_project\vendor\yiisoft\yii2\db\Query.php(237): yii\db\ActiveQuery->createCommand(Object(yii\db\Connection))
#12 C:\Users\Home\Documents\slada_project\vendor\yiisoft\yii2\db\ActiveQuery.php(133): yii\db\Query->all(NULL)
#13 C:\Users\Home\Documents\slada_project\frontend\controllers\SiteController.php(82): yii\db\ActiveQuery->all()
#14 [internal function]: frontend\controllers\SiteController->actionIndex()
#15 C:\Users\Home\Documents\slada_project\vendor\yiisoft\yii2\base\InlineAction.php(57): call_user_func_array(Array, Array)
#16 C:\Users\Home\Documents\slada_project\vendor\yiisoft\yii2\base\Controller.php(157): yii\base\InlineAction->runWithParams(Array)
#17 C:\Users\Home\Documents\slada_project\vendor\yiisoft\yii2\base\Module.php(528): yii\base\Controller->runAction('', Array)
#18 C:\Users\Home\Documents\slada_project\vendor\yiisoft\yii2\web\Application.php(103): yii\base\Module->runAction('', Array)
#19 C:\Users\Home\Documents\slada_project\vendor\yiisoft\yii2\base\Application.php(386): yii\web\Application->handleRequest(Object(yii\web\Request))
#20 C:\Users\Home\Documents\slada_project\frontend\web\index.php(17): yii\base\Application->run()
#21 {main}
Additional Information:

2019-09-06 11:18:20 [::1][-][-][info][application] $_GET = []

$_POST = []

$_FILES = []

$_COOKIE = []

$_SERVER = [
    'REDIRECT_STATUS' => '200'
    'HTTP_HOST' => 'slada48.loc:8080'
    'HTTP_CONNECTION' => 'keep-alive'
    'HTTP_CACHE_CONTROL' => 'max-age=0'
    'HTTP_UPGRADE_INSECURE_REQUESTS' => '1'
    'HTTP_USER_AGENT' => 'Mozilla/5.0 (Windows NT 10.0; Win64; x64) AppleWebKit/537.36 (KHTML, like Gecko) Chrome/76.0.3809.132 Safari/537.36'
    'HTTP_ACCEPT' => 'text/html,application/xhtml+xml,application/xml;q=0.9,image/webp,image/apng,*/*;q=0.8,application/signed-exchange;v=b3'
    'HTTP_ACCEPT_ENCODING' => 'gzip, deflate'
    'HTTP_ACCEPT_LANGUAGE' => 'ru-RU,ru;q=0.9,en-US;q=0.8,en;q=0.7'
    'PATH' => 'C:\\Program Files\\Java\\jdk-12.0.2\\bin;C:\\wamp64\\bin\\php\\php7.0.33;C:\\Windows\\system32;C:\\Windows;C:\\Windows\\System32\\Wbem;C:\\Windows\\System32\\WindowsPowerShell\\v1.0\\;C:\\Windows\\System32\\OpenSSH\\;C:\\Program Files\\Git\\cmd;C:\\ProgramData\\ComposerSetup\\bin;C:\\Program Files\\dotnet\\;C:\\Program Files\\Microsoft SQL Server\\130\\Tools\\Binn\\;C:\\Program Files\\nodejs\\;C:\\HashiCorp\\Vagrant\\bin;C:\\Program Files (x86)\\Common Files\\Acronis\\SnapAPI\\;C:\\wamp64\\bin\\php\\php7.2.18;C:\\Users\\Home\\AppData\\Local\\Microsoft\\WindowsApps;C:\\Users\\Home\\.dotnet\\tools'
    'SystemRoot' => 'C:\\Windows'
    'COMSPEC' => 'C:\\Windows\\system32\\cmd.exe'
    'PATHEXT' => '.COM;.EXE;.BAT;.CMD;.VBS;.VBE;.JS;.JSE;.WSF;.WSH;.MSC'
    'WINDIR' => 'C:\\Windows'
    'SERVER_SIGNATURE' => '<address>Apache/2.4.39 (Win64) PHP/7.2.18 Server at slada48.loc Port 8080</address>
'
    'SERVER_SOFTWARE' => 'Apache/2.4.39 (Win64) PHP/7.2.18'
    'SERVER_NAME' => 'slada48.loc'
    'SERVER_ADDR' => '::1'
    'SERVER_PORT' => '8080'
    'REMOTE_ADDR' => '::1'
    'DOCUMENT_ROOT' => 'C:/Users/Home/Documents/slada_project'
    'REQUEST_SCHEME' => 'http'
    'CONTEXT_PREFIX' => ''
    'CONTEXT_DOCUMENT_ROOT' => 'C:/Users/Home/Documents/slada_project'
    'SERVER_ADMIN' => 'wampserver@wampserver.invalid'
    'SCRIPT_FILENAME' => 'C:/Users/Home/Documents/slada_project/frontend/web/index.php'
    'REMOTE_PORT' => '53403'
    'REDIRECT_URL' => '/'
    'GATEWAY_INTERFACE' => 'CGI/1.1'
    'SERVER_PROTOCOL' => 'HTTP/1.1'
    'REQUEST_METHOD' => 'GET'
    'QUERY_STRING' => ''
    'REQUEST_URI' => '/'
    'SCRIPT_NAME' => '/frontend/web/index.php'
    'PHP_SELF' => '/frontend/web/index.php'
    'REQUEST_TIME_FLOAT' => 1567768700.733
    'REQUEST_TIME' => 1567768700
]
